<?xml version="1.0" encoding="utf-8"?><testsuites name="pytest tests"><testsuite name="pytest" errors="0" failures="10" skipped="0" tests="11" time="10.056" timestamp="2026-03-01T23:13:45.356953+00:00" hostname="agent-env-09383277-8e7e-4573-9d6c-ce3985a02ebe"><testcase classname="backend.tests.test_admin_subscription.TestAdminSubscriptionEndpoint" name="test_endpoint_requires_authentication" time="2.495" /><testcase classname="backend.tests.test_admin_subscription.TestAdminSubscriptionEndpoint" name="test_endpoint_requires_super_admin_role" time="0.758"><failure message="AssertionError: Expected 403, got 401: {&quot;detail&quot;:&quot;Invalid session&quot;}&#10;assert 401 == 403&#10; +  where 401 = &lt;Response [401]&gt;.status_code">backend/tests/test_admin_subscription.py:170: in test_endpoint_requires_super_admin_role
    assert response.status_code == 403, f"Expected 403, got {response.status_code}: {response.text}"
E   AssertionError: Expected 403, got 401: {"detail":"Invalid session"}
E   assert 401 == 403
E    +  where 401 = &lt;Response [401]&gt;.status_code</failure></testcase><testcase classname="backend.tests.test_admin_subscription.TestAdminSubscriptionEndpoint" name="test_returns_404_for_nonexistent_user" time="0.767"><failure message="AssertionError: Expected 404, got 401: {&quot;detail&quot;:&quot;Invalid session&quot;}&#10;assert 401 == 404&#10; +  where 401 = &lt;Response [401]&gt;.status_code">backend/tests/test_admin_subscription.py:181: in test_returns_404_for_nonexistent_user
    assert response.status_code == 404, f"Expected 404, got {response.status_code}: {response.text}"
E   AssertionError: Expected 404, got 401: {"detail":"Invalid session"}
E   assert 401 == 404
E    +  where 401 = &lt;Response [401]&gt;.status_code</failure></testcase><testcase classname="backend.tests.test_admin_subscription.TestAdminSubscriptionEndpoint" name="test_free_user_subscription_info" time="0.767"><failure message="AssertionError: Expected 200, got 401: {&quot;detail&quot;:&quot;Invalid session&quot;}&#10;assert 401 == 200&#10; +  where 401 = &lt;Response [401]&gt;.status_code">backend/tests/test_admin_subscription.py:191: in test_free_user_subscription_info
    assert response.status_code == 200, f"Expected 200, got {response.status_code}: {response.text}"
E   AssertionError: Expected 200, got 401: {"detail":"Invalid session"}
E   assert 401 == 200
E    +  where 401 = &lt;Response [401]&gt;.status_code</failure></testcase><testcase classname="backend.tests.test_admin_subscription.TestAdminSubscriptionEndpoint" name="test_starter_user_subscription_info" time="0.714"><failure message="AssertionError: Expected 200, got 401: {&quot;detail&quot;:&quot;Invalid session&quot;}&#10;assert 401 == 200&#10; +  where 401 = &lt;Response [401]&gt;.status_code">backend/tests/test_admin_subscription.py:222: in test_starter_user_subscription_info
    assert response.status_code == 200, f"Expected 200, got {response.status_code}: {response.text}"
E   AssertionError: Expected 200, got 401: {"detail":"Invalid session"}
E   assert 401 == 200
E    +  where 401 = &lt;Response [401]&gt;.status_code</failure></testcase><testcase classname="backend.tests.test_admin_subscription.TestAdminSubscriptionEndpoint" name="test_growth_user_subscription_info" time="0.733"><failure message="AssertionError: Expected 200, got 401: {&quot;detail&quot;:&quot;Invalid session&quot;}&#10;assert 401 == 200&#10; +  where 401 = &lt;Response [401]&gt;.status_code">backend/tests/test_admin_subscription.py:239: in test_growth_user_subscription_info
    assert response.status_code == 200, f"Expected 200, got {response.status_code}: {response.text}"
E   AssertionError: Expected 200, got 401: {"detail":"Invalid session"}
E   assert 401 == 200
E    +  where 401 = &lt;Response [401]&gt;.status_code</failure></testcase><testcase classname="backend.tests.test_admin_subscription.TestAdminSubscriptionEndpoint" name="test_trialing_user_has_trial_active" time="0.807"><failure message="AssertionError: Expected 200, got 401: {&quot;detail&quot;:&quot;Invalid session&quot;}&#10;assert 401 == 200&#10; +  where 401 = &lt;Response [401]&gt;.status_code">backend/tests/test_admin_subscription.py:256: in test_trialing_user_has_trial_active
    assert response.status_code == 200, f"Expected 200, got {response.status_code}: {response.text}"
E   AssertionError: Expected 200, got 401: {"detail":"Invalid session"}
E   assert 401 == 200
E    +  where 401 = &lt;Response [401]&gt;.status_code</failure></testcase><testcase classname="backend.tests.test_admin_subscription.TestAdminSubscriptionEndpoint" name="test_response_contains_all_required_fields" time="0.721"><failure message="assert 401 == 200&#10; +  where 401 = &lt;Response [401]&gt;.status_code">backend/tests/test_admin_subscription.py:273: in test_response_contains_all_required_fields
    assert response.status_code == 200
E   assert 401 == 200
E    +  where 401 = &lt;Response [401]&gt;.status_code</failure></testcase><testcase classname="backend.tests.test_admin_subscription.TestAdminSubscriptionEndpoint" name="test_admin_action_is_logged" time="0.727"><failure message="assert 401 == 200&#10; +  where 401 = &lt;Response [401]&gt;.status_code">backend/tests/test_admin_subscription.py:306: in test_admin_action_is_logged
    assert response.status_code == 200
E   assert 401 == 200
E    +  where 401 = &lt;Response [401]&gt;.status_code</failure></testcase><testcase classname="backend.tests.test_admin_subscription.TestPermanentPlanUsers" name="test_permanent_starter_plan_shows_is_permanent" time="0.716"><failure message="AssertionError: Expected 200, got 401: {&quot;detail&quot;:&quot;Invalid session&quot;}&#10;assert 401 == 200&#10; +  where 401 = &lt;Response [401]&gt;.status_code">backend/tests/test_admin_subscription.py:412: in test_permanent_starter_plan_shows_is_permanent
    assert response.status_code == 200, f"Expected 200, got {response.status_code}: {response.text}"
E   AssertionError: Expected 200, got 401: {"detail":"Invalid session"}
E   assert 401 == 200
E    +  where 401 = &lt;Response [401]&gt;.status_code</failure></testcase><testcase classname="backend.tests.test_admin_subscription.TestPermanentPlanUsers" name="test_permanent_growth_plan_shows_is_permanent" time="0.721"><failure message="AssertionError: Expected 200, got 401: {&quot;detail&quot;:&quot;Invalid session&quot;}&#10;assert 401 == 200&#10; +  where 401 = &lt;Response [401]&gt;.status_code">backend/tests/test_admin_subscription.py:429: in test_permanent_growth_plan_shows_is_permanent
    assert response.status_code == 200, f"Expected 200, got {response.status_code}: {response.text}"
E   AssertionError: Expected 200, got 401: {"detail":"Invalid session"}
E   assert 401 == 200
E    +  where 401 = &lt;Response [401]&gt;.status_code</failure></testcase></testsuite></testsuites>