<?xml version="1.0" encoding="utf-8"?><testsuites name="pytest tests"><testsuite name="pytest" errors="0" failures="0" skipped="0" tests="14" time="14.749" timestamp="2026-03-06T12:15:47.391200+00:00" hostname="agent-env-09383277-8e7e-4573-9d6c-ce3985a02ebe"><testcase classname="backend.tests.test_admin_plan_override.TestAdminPlanOverride" name="test_health_check" time="2.115" /><testcase classname="backend.tests.test_admin_plan_override.TestAdminPlanOverride" name="test_assign_starter_plan_success" time="0.831" /><testcase classname="backend.tests.test_admin_plan_override.TestAdminPlanOverride" name="test_assign_growth_plan_success" time="0.796" /><testcase classname="backend.tests.test_admin_plan_override.TestAdminPlanOverride" name="test_assign_plan_blocked_for_stripe_user" time="0.875" /><testcase classname="backend.tests.test_admin_plan_override.TestAdminPlanOverride" name="test_assign_plan_invalid_plan_type" time="0.832" /><testcase classname="backend.tests.test_admin_plan_override.TestAdminPlanOverride" name="test_assign_plan_user_not_found" time="0.820" /><testcase classname="backend.tests.test_admin_plan_override.TestAdminPlanOverride" name="test_remove_override_success" time="0.970" /><testcase classname="backend.tests.test_admin_plan_override.TestAdminPlanOverride" name="test_remove_override_no_active_override" time="0.838" /><testcase classname="backend.tests.test_admin_plan_override.TestAdminPlanOverride" name="test_subscription_endpoint_shows_admin_override" time="0.964" /><testcase classname="backend.tests.test_admin_plan_override.TestAdminPlanOverride" name="test_subscription_endpoint_shows_stripe_source" time="1.157" /><testcase classname="backend.tests.test_admin_plan_override.TestAdminPlanOverride" name="test_admin_log_created_for_assign" time="1.276" /><testcase classname="backend.tests.test_admin_plan_override.TestAdminPlanOverride" name="test_admin_log_created_for_remove_override" time="1.306" /><testcase classname="backend.tests.test_admin_plan_override.TestAdminPlanOverride" name="test_requires_super_admin_auth" time="0.787" /><testcase classname="backend.tests.test_admin_plan_override.TestPermanentPlanBlocked" name="test_assign_plan_blocked_for_permanent_user" time="1.102" /></testsuite></testsuites>