<?xml version="1.0" encoding="utf-8"?><testsuites name="pytest tests"><testsuite name="pytest" errors="0" failures="0" skipped="0" tests="11" time="3.740" timestamp="2026-02-22T17:56:37.616322+00:00" hostname="agent-env-015a4aa8-ff77-4d47-9a5c-f721ee5114d3"><testcase classname="backend.tests.test_auth_flows.TestHealthAndBasics" name="test_health_endpoint" time="0.203" /><testcase classname="backend.tests.test_auth_flows.TestEmailPasswordRegistration" name="test_register_new_user" time="0.379" /><testcase classname="backend.tests.test_auth_flows.TestEmailPasswordRegistration" name="test_register_password_mismatch" time="0.107" /><testcase classname="backend.tests.test_auth_flows.TestEmailPasswordRegistration" name="test_register_short_password" time="0.098" /><testcase classname="backend.tests.test_auth_flows.TestEmailPasswordRegistration" name="test_register_duplicate_email" time="0.448" /><testcase classname="backend.tests.test_auth_flows.TestEmailPasswordLogin" name="test_login_success" time="0.706" /><testcase classname="backend.tests.test_auth_flows.TestEmailPasswordLogin" name="test_login_wrong_password" time="0.680" /><testcase classname="backend.tests.test_auth_flows.TestEmailPasswordLogin" name="test_login_nonexistent_user" time="0.113" /><testcase classname="backend.tests.test_auth_flows.TestAuthSession" name="test_auth_me_requires_authentication" time="0.151" /><testcase classname="backend.tests.test_auth_flows.TestAuthSession" name="test_auth_me_with_session_cookie" time="0.417" /><testcase classname="backend.tests.test_auth_flows.TestSuperAdminRole" name="test_super_admin_email_gets_admin_role" time="0.330" /></testsuite></testsuites>