<?xml version="1.0" encoding="utf-8"?><testsuites name="pytest tests"><testsuite name="pytest" errors="0" failures="0" skipped="0" tests="10" time="3.107" timestamp="2026-02-22T17:11:42.480031+00:00" hostname="agent-env-607ca4f6-f837-4b32-b2fb-48e05cd8f5db"><testcase classname="tests.test_auth_api.TestEmailPasswordAuth" name="test_health_endpoint" time="0.217" /><testcase classname="tests.test_auth_api.TestEmailPasswordAuth" name="test_register_new_user" time="0.398" /><testcase classname="tests.test_auth_api.TestEmailPasswordAuth" name="test_register_password_mismatch" time="0.178" /><testcase classname="tests.test_auth_api.TestEmailPasswordAuth" name="test_register_short_password" time="0.110" /><testcase classname="tests.test_auth_api.TestEmailPasswordAuth" name="test_register_duplicate_email" time="0.461" /><testcase classname="tests.test_auth_api.TestEmailPasswordAuth" name="test_login_valid_credentials" time="0.724" /><testcase classname="tests.test_auth_api.TestEmailPasswordAuth" name="test_login_wrong_password" time="0.348" /><testcase classname="tests.test_auth_api.TestEmailPasswordAuth" name="test_login_nonexistent_user" time="0.109" /><testcase classname="tests.test_auth_api.TestEmailPasswordAuth" name="test_login_existing_test_user" time="0.339" /><testcase classname="tests.test_auth_api.TestSidebarBranding" name="test_sidebar_branding_in_code" time="0.104" /></testsuite></testsuites>