<?xml version="1.0" encoding="utf-8"?><testsuites name="pytest tests"><testsuite name="pytest" errors="0" failures="0" skipped="0" tests="28" time="5.674" timestamp="2026-05-27T16:22:27.550553+00:00" hostname="agent-env-20038206-70d7-4d8e-bde0-266cbf7f07bd"><testcase classname="backend.tests.test_backup_restore" name="test_export_shape[/backup/export/campaigns]" time="0.450" /><testcase classname="backend.tests.test_backup_restore" name="test_export_shape[/backup/export/drip-campaigns]" time="0.055" /><testcase classname="backend.tests.test_backup_restore" name="test_export_shape[/backup/export/email-accounts]" time="0.053" /><testcase classname="backend.tests.test_backup_restore" name="test_export_shape[/backup/export/email-lists]" time="0.056" /><testcase classname="backend.tests.test_backup_restore" name="test_export_shape[/backup/export/dne-lists]" time="0.060" /><testcase classname="backend.tests.test_backup_restore" name="test_email_accounts_no_credentials_by_default" time="0.054" /><testcase classname="backend.tests.test_backup_restore" name="test_email_accounts_with_credentials_opt_in" time="0.058" /><testcase classname="backend.tests.test_backup_restore" name="test_export_email_lists_csv" time="0.052" /><testcase classname="backend.tests.test_backup_restore" name="test_export_dne_lists_csv" time="0.055" /><testcase classname="backend.tests.test_backup_restore" name="test_export_full_zip_structure" time="0.059" /><testcase classname="backend.tests.test_backup_restore" name="test_import_full_preview" time="0.058" /><testcase classname="backend.tests.test_backup_restore" name="test_export_requires_auth[/backup/export/campaigns]" time="0.119" /><testcase classname="backend.tests.test_backup_restore" name="test_export_requires_auth[/backup/export/drip-campaigns]" time="0.111" /><testcase classname="backend.tests.test_backup_restore" name="test_export_requires_auth[/backup/export/email-accounts]" time="0.136" /><testcase classname="backend.tests.test_backup_restore" name="test_export_requires_auth[/backup/export/email-lists]" time="0.134" /><testcase classname="backend.tests.test_backup_restore" name="test_export_requires_auth[/backup/export/dne-lists]" time="0.114" /><testcase classname="backend.tests.test_backup_restore" name="test_export_requires_auth[/backup/export/full]" time="0.125" /><testcase classname="backend.tests.test_backup_restore" name="test_import_requires_auth" time="0.116" /><testcase classname="backend.tests.test_backup_restore" name="test_import_full_bad_zip" time="0.059" /><testcase classname="backend.tests.test_backup_restore" name="test_import_full_missing_metadata" time="0.052" /><testcase classname="backend.tests.test_backup_restore" name="test_import_full_schema_too_new" time="0.061" /><testcase classname="backend.tests.test_backup_restore" name="test_bad_conflict_value" time="0.053" /><testcase classname="backend.tests.test_backup_restore" name="test_cross_user_export_empty" time="0.469" /><testcase classname="backend.tests.test_backup_restore" name="test_full_restore_copy_mode" time="0.255" /><testcase classname="backend.tests.test_backup_restore" name="test_individual_skip_mode" time="0.052" /><testcase classname="backend.tests.test_backup_restore" name="test_individual_replace_mode" time="0.111" /><testcase classname="backend.tests.test_backup_restore" name="test_import_email_lists_csv" time="0.171" /><testcase classname="backend.tests.test_backup_restore" name="test_import_dne_lists_csv" time="2.436" /></testsuite></testsuites>