<?xml version="1.0" encoding="utf-8"?><testsuites name="pytest tests"><testsuite name="pytest" errors="0" failures="0" skipped="0" tests="42" time="7.958" timestamp="2026-05-27T22:39:13.126690+00:00" hostname="agent-env-20038206-70d7-4d8e-bde0-266cbf7f07bd"><testcase classname="backend.tests.test_backup_restore" name="test_export_shape[/backup/export/campaigns]" time="0.452" /><testcase classname="backend.tests.test_backup_restore" name="test_export_shape[/backup/export/drip-campaigns]" time="0.057" /><testcase classname="backend.tests.test_backup_restore" name="test_export_shape[/backup/export/email-accounts]" time="0.056" /><testcase classname="backend.tests.test_backup_restore" name="test_export_shape[/backup/export/email-lists]" time="0.056" /><testcase classname="backend.tests.test_backup_restore" name="test_export_shape[/backup/export/dne-lists]" time="0.057" /><testcase classname="backend.tests.test_backup_restore" name="test_email_accounts_no_credentials_by_default" time="0.051" /><testcase classname="backend.tests.test_backup_restore" name="test_email_accounts_with_credentials_opt_in" time="0.052" /><testcase classname="backend.tests.test_backup_restore" name="test_export_email_lists_csv" time="0.051" /><testcase classname="backend.tests.test_backup_restore" name="test_export_dne_lists_csv" time="0.053" /><testcase classname="backend.tests.test_backup_restore" name="test_export_full_zip_structure" time="0.057" /><testcase classname="backend.tests.test_backup_restore" name="test_import_full_preview" time="0.063" /><testcase classname="backend.tests.test_backup_restore" name="test_export_requires_auth[/backup/export/campaigns]" time="0.106" /><testcase classname="backend.tests.test_backup_restore" name="test_export_requires_auth[/backup/export/drip-campaigns]" time="0.107" /><testcase classname="backend.tests.test_backup_restore" name="test_export_requires_auth[/backup/export/email-accounts]" time="0.141" /><testcase classname="backend.tests.test_backup_restore" name="test_export_requires_auth[/backup/export/email-lists]" time="0.106" /><testcase classname="backend.tests.test_backup_restore" name="test_export_requires_auth[/backup/export/dne-lists]" time="0.127" /><testcase classname="backend.tests.test_backup_restore" name="test_export_requires_auth[/backup/export/full]" time="0.107" /><testcase classname="backend.tests.test_backup_restore" name="test_import_requires_auth" time="0.141" /><testcase classname="backend.tests.test_backup_restore" name="test_import_full_bad_zip" time="0.052" /><testcase classname="backend.tests.test_backup_restore" name="test_import_full_missing_metadata" time="0.070" /><testcase classname="backend.tests.test_backup_restore" name="test_import_full_schema_too_new" time="0.056" /><testcase classname="backend.tests.test_backup_restore" name="test_bad_conflict_value" time="0.059" /><testcase classname="backend.tests.test_backup_restore" name="test_cross_user_export_empty" time="0.443" /><testcase classname="backend.tests.test_backup_restore" name="test_full_restore_copy_mode" time="0.312" /><testcase classname="backend.tests.test_backup_restore" name="test_individual_skip_mode" time="0.061" /><testcase classname="backend.tests.test_backup_restore" name="test_individual_replace_mode" time="0.111" /><testcase classname="backend.tests.test_backup_restore" name="test_import_email_lists_csv" time="0.172" /><testcase classname="backend.tests.test_backup_restore" name="test_import_dne_lists_csv" time="0.181" /><testcase classname="backend.tests.test_backup_restore" name="test_export_responses_leads_shape" time="0.053" /><testcase classname="backend.tests.test_backup_restore" name="test_export_do_not_email_lists_alias" time="0.114" /><testcase classname="backend.tests.test_backup_restore" name="test_export_do_not_email_lists_csv_alias" time="0.051" /><testcase classname="backend.tests.test_backup_restore" name="test_new_endpoints_require_auth[GET-/backup/export/responses-leads-None]" time="0.116" /><testcase classname="backend.tests.test_backup_restore" name="test_new_endpoints_require_auth[GET-/backup/export/do-not-email-lists-None]" time="0.134" /><testcase classname="backend.tests.test_backup_restore" name="test_new_endpoints_require_auth[POST-/backup/import/responses-leads-json_body2]" time="0.110" /><testcase classname="backend.tests.test_backup_restore" name="test_new_endpoints_require_auth[POST-/backup/import/do-not-email-lists-json_body3]" time="0.114" /><testcase classname="backend.tests.test_backup_restore" name="test_responses_leads_cross_user_isolation" time="0.047" /><testcase classname="backend.tests.test_backup_restore" name="test_import_responses_leads_copy_creates_imported_suffix" time="0.675" /><testcase classname="backend.tests.test_backup_restore" name="test_import_responses_leads_skip_mode" time="0.633" /><testcase classname="backend.tests.test_backup_restore" name="test_import_responses_leads_replace_mode" time="0.622" /><testcase classname="backend.tests.test_backup_restore" name="test_import_dne_global_merges_into_existing_global" time="0.221" /><testcase classname="backend.tests.test_backup_restore" name="test_full_restore_backward_compat_legacy_unsubscribe_zip" time="0.330" /><testcase classname="backend.tests.test_backup_restore" name="test_full_restore_copy_includes_new_result_keys" time="1.320" /></testsuite></testsuites>