<?xml version="1.0" encoding="utf-8"?><testsuites name="pytest tests"><testsuite name="pytest" errors="0" failures="0" skipped="0" tests="7" time="1.939" timestamp="2026-06-05T16:30:42.882298+00:00" hostname="agent-env-20038206-70d7-4d8e-bde0-266cbf7f07bd"><testcase classname="backend.tests.test_bulk_delete_accounts.TestBulkDeleteAccounts" name="test_empty_account_ids_returns_400" time="0.425" /><testcase classname="backend.tests.test_bulk_delete_accounts.TestBulkDeleteAccounts" name="test_unauth_returns_401" time="0.160" /><testcase classname="backend.tests.test_bulk_delete_accounts.TestBulkDeleteAccounts" name="test_cross_user_silently_skipped" time="0.913" /><testcase classname="backend.tests.test_bulk_delete_accounts.TestBulkDeleteAccounts" name="test_bulk_delete_success_no_active" time="0.063" /><testcase classname="backend.tests.test_bulk_delete_accounts.TestBulkDeleteAccounts" name="test_active_campaign_blocks_delete" time="0.116" /><testcase classname="backend.tests.test_bulk_delete_accounts.TestBulkDeleteAccounts" name="test_active_drip_blocks_delete" time="0.056" /><testcase classname="backend.tests.test_bulk_delete_accounts.TestBulkDeleteAccounts" name="test_completed_campaign_does_not_block" time="0.062" /></testsuite></testsuites>