<?xml version="1.0" encoding="utf-8"?><testsuites name="pytest tests"><testsuite name="pytest" errors="0" failures="0" skipped="0" tests="21" time="3.566" timestamp="2026-05-10T10:49:22.782065+00:00" hostname="agent-env-20038206-70d7-4d8e-bde0-266cbf7f07bd"><testcase classname="tests.test_bulk_warmup" name="test_warmup_subjects_all_have_rtm_marker" time="0.862" /><testcase classname="tests.test_bulk_warmup" name="test_build_warmup_body_is_varied_and_2_to_5_lines" time="0.000" /><testcase classname="tests.test_bulk_warmup" name="test_get_accounts_includes_new_warmup_today_fields" time="0.053" /><testcase classname="tests.test_bulk_warmup" name="test_bulk_endpoints_require_auth[post-/accounts/warmup/bulk-enable-body0]" time="0.127" /><testcase classname="tests.test_bulk_warmup" name="test_bulk_endpoints_require_auth[post-/accounts/warmup/bulk-pause-body1]" time="0.109" /><testcase classname="tests.test_bulk_warmup" name="test_bulk_endpoints_require_auth[post-/accounts/warmup/bulk-resume-body2]" time="0.116" /><testcase classname="tests.test_bulk_warmup" name="test_bulk_endpoints_require_auth[post-/accounts/warmup/bulk-disable-body3]" time="0.108" /><testcase classname="tests.test_bulk_warmup" name="test_bulk_endpoints_require_auth[put-/accounts/warmup/bulk-settings-body4]" time="0.149" /><testcase classname="tests.test_bulk_warmup" name="test_bulk_endpoints_reject_empty[post-/accounts/warmup/bulk-enable-body0]" time="0.048" /><testcase classname="tests.test_bulk_warmup" name="test_bulk_endpoints_reject_empty[post-/accounts/warmup/bulk-pause-body1]" time="0.049" /><testcase classname="tests.test_bulk_warmup" name="test_bulk_endpoints_reject_empty[post-/accounts/warmup/bulk-resume-body2]" time="0.048" /><testcase classname="tests.test_bulk_warmup" name="test_bulk_endpoints_reject_empty[post-/accounts/warmup/bulk-disable-body3]" time="0.046" /><testcase classname="tests.test_bulk_warmup" name="test_bulk_endpoints_reject_empty[put-/accounts/warmup/bulk-settings-body4]" time="0.046" /><testcase classname="tests.test_bulk_warmup" name="test_bulk_enable_with_clamping_and_state" time="0.095" /><testcase classname="tests.test_bulk_warmup" name="test_bulk_pause" time="0.099" /><testcase classname="tests.test_bulk_warmup" name="test_bulk_resume" time="0.102" /><testcase classname="tests.test_bulk_warmup" name="test_bulk_settings_clamps_without_changing_status" time="0.146" /><testcase classname="tests.test_bulk_warmup" name="test_bulk_endpoints_cross_user_isolation" time="0.707" /><testcase classname="tests.test_bulk_warmup" name="test_bulk_disable" time="0.094" /><testcase classname="tests.test_bulk_warmup" name="test_pause_resume_skips_disabled_accounts" time="0.093" /><testcase classname="tests.test_bulk_warmup" name="test_single_account_warmup_endpoints_still_work" time="0.382" /></testsuite></testsuites>