<?xml version="1.0" encoding="utf-8"?><testsuites name="pytest tests"><testsuite name="pytest" errors="0" failures="0" skipped="0" tests="24" time="7.582" timestamp="2026-05-04T12:26:27.015560+00:00" hostname="agent-env-46b559b1-5e2e-4a16-8df6-0f7adbe1fa84"><testcase classname="backend.tests.test_dne_lists.TestAuth" name="test_401_when_no_session" time="0.137" /><testcase classname="backend.tests.test_dne_lists.TestDNECRUD" name="test_list_auto_creates_global" time="0.383" /><testcase classname="backend.tests.test_dne_lists.TestDNECRUD" name="test_create_named_list" time="0.051" /><testcase classname="backend.tests.test_dne_lists.TestDNECRUD" name="test_create_empty_name_400" time="0.049" /><testcase classname="backend.tests.test_dne_lists.TestDNECRUD" name="test_get_detail_with_pagination" time="0.052" /><testcase classname="backend.tests.test_dne_lists.TestDNECRUD" name="test_add_emails_normalize_dedupe_invalid" time="0.103" /><testcase classname="backend.tests.test_dne_lists.TestDNECRUD" name="test_search_filter" time="0.047" /><testcase classname="backend.tests.test_dne_lists.TestDNECRUD" name="test_remove_email_decrements_count" time="0.051" /><testcase classname="backend.tests.test_dne_lists.TestDNECRUD" name="test_upload_csv_with_header" time="0.274" /><testcase classname="backend.tests.test_dne_lists.TestDNECRUD" name="test_upload_csv_single_column_no_header" time="0.050" /><testcase classname="backend.tests.test_dne_lists.TestDNECRUD" name="test_upload_csv_multicol_no_email_header_400" time="0.048" /><testcase classname="backend.tests.test_dne_lists.TestDNECRUD" name="test_upload_xlsx" time="0.118" /><testcase classname="backend.tests.test_dne_lists.TestDNECRUD" name="test_upload_oversize_400" time="0.234" /><testcase classname="backend.tests.test_dne_lists.TestGlobalMirroring" name="test_unsubscribe_mirrors_to_global" time="0.247" /><testcase classname="backend.tests.test_dne_lists.TestGlobalMirroring" name="test_suppression_post_mirrors_to_global" time="0.150" /><testcase classname="backend.tests.test_dne_lists.TestGlobalMirroring" name="test_global_cannot_be_deleted" time="0.102" /><testcase classname="backend.tests.test_dne_lists.TestCrossUser" name="test_other_user_cannot_access" time="1.007" /><testcase classname="backend.tests.test_dne_lists.TestCampaignSuppression" name="test_create_campaign_with_suppression_ids" time="0.152" /><testcase classname="backend.tests.test_dne_lists.TestCampaignSuppression" name="test_update_campaign_suppression_ids" time="0.143" /><testcase classname="backend.tests.test_dne_lists.TestCampaignSuppression" name="test_realtime_suppression_in_standard_campaign" time="2.154" /><testcase classname="backend.tests.test_dne_lists.TestCampaignSuppression" name="test_delete_dne_list_unlinks_from_campaign" time="0.312" /><testcase classname="backend.tests.test_dne_lists.TestDripSuppression" name="test_create_drip_with_suppression_ids" time="0.111" /><testcase classname="backend.tests.test_dne_lists.TestDripSuppression" name="test_update_drip_suppression" time="0.157" /><testcase classname="backend.tests.test_dne_lists.TestRealTimeRecheck" name="test_email_added_midrun_is_suppressed" time="1.152" /></testsuite></testsuites>