<?xml version="1.0" encoding="utf-8"?><testsuites name="pytest tests"><testsuite name="pytest" errors="0" failures="0" skipped="0" tests="12" time="2.711" timestamp="2026-06-05T16:12:02.207608+00:00" hostname="agent-env-20038206-70d7-4d8e-bde0-266cbf7f07bd"><testcase classname="backend.tests.test_drip_rename_duplicate.TestRename" name="test_rename_unauthenticated" time="0.293" /><testcase classname="backend.tests.test_drip_rename_duplicate.TestRename" name="test_rename_success_only_updates_name" time="0.550" /><testcase classname="backend.tests.test_drip_rename_duplicate.TestRename" name="test_rename_blank_returns_400" time="0.204" /><testcase classname="backend.tests.test_drip_rename_duplicate.TestRename" name="test_rename_duplicate_name_returns_400" time="0.154" /><testcase classname="backend.tests.test_drip_rename_duplicate.TestRename" name="test_rename_same_name_self_allowed" time="0.099" /><testcase classname="backend.tests.test_drip_rename_duplicate.TestRename" name="test_rename_nonexistent_returns_404" time="0.052" /><testcase classname="backend.tests.test_drip_rename_duplicate.TestRename" name="test_rename_cross_user_returns_404" time="0.687" /><testcase classname="backend.tests.test_drip_rename_duplicate.TestDuplicate" name="test_duplicate_unauthenticated" time="0.119" /><testcase classname="backend.tests.test_drip_rename_duplicate.TestDuplicate" name="test_duplicate_nonexistent_returns_404" time="0.046" /><testcase classname="backend.tests.test_drip_rename_duplicate.TestDuplicate" name="test_duplicate_cross_user_returns_404" time="0.096" /><testcase classname="backend.tests.test_drip_rename_duplicate.TestDuplicate" name="test_duplicate_creates_clean_draft_deep_copy" time="0.100" /><testcase classname="backend.tests.test_drip_rename_duplicate.TestDuplicate" name="test_duplicate_then_rename_independent" time="0.155" /></testsuite></testsuites>