<?xml version="1.0" encoding="utf-8"?><testsuites name="pytest tests"><testsuite name="pytest" errors="0" failures="0" skipped="0" tests="23" time="5.098" timestamp="2026-05-04T11:43:19.267612+00:00" hostname="agent-env-46b559b1-5e2e-4a16-8df6-0f7adbe1fa84"><testcase classname="backend.tests.test_drip_campaigns.TestAuth" name="test_list_requires_auth" time="0.160" /><testcase classname="backend.tests.test_drip_campaigns.TestAuth" name="test_create_requires_auth" time="0.139" /><testcase classname="backend.tests.test_drip_campaigns.TestAuth" name="test_detail_requires_auth" time="0.107" /><testcase classname="backend.tests.test_drip_campaigns.TestCRUD" name="test_create_drip_returns_draft" time="0.456" /><testcase classname="backend.tests.test_drip_campaigns.TestCRUD" name="test_list_includes_created" time="0.121" /><testcase classname="backend.tests.test_drip_campaigns.TestCRUD" name="test_get_detail_has_stats" time="0.114" /><testcase classname="backend.tests.test_drip_campaigns.TestCRUD" name="test_update_normalizes_step_numbers" time="0.177" /><testcase classname="backend.tests.test_drip_campaigns.TestCRUD" name="test_update_schedule_roundtrip" time="0.179" /><testcase classname="backend.tests.test_drip_campaigns.TestCRUD" name="test_delete_draft" time="0.174" /><testcase classname="backend.tests.test_drip_campaigns.TestContactEnrollment" name="test_enroll_and_dedupe" time="0.301" /><testcase classname="backend.tests.test_drip_campaigns.TestContactEnrollment" name="test_list_contacts_pagination_and_status" time="0.269" /><testcase classname="backend.tests.test_drip_campaigns.TestContactEnrollment" name="test_enroll_nonexistent_list_returns_404" time="0.112" /><testcase classname="backend.tests.test_drip_campaigns.TestLogs" name="test_logs_empty" time="0.137" /><testcase classname="backend.tests.test_drip_campaigns.TestLogs" name="test_logs_csv_export_headers" time="0.158" /><testcase classname="backend.tests.test_drip_campaigns.TestStateTransitions" name="test_start_rejects_empty_steps" time="0.171" /><testcase classname="backend.tests.test_drip_campaigns.TestStateTransitions" name="test_start_rejects_no_accounts" time="0.165" /><testcase classname="backend.tests.test_drip_campaigns.TestStateTransitions" name="test_start_rejects_no_contacts" time="0.182" /><testcase classname="backend.tests.test_drip_campaigns.TestStateTransitions" name="test_full_start_pause_resume_cycle" time="0.778" /><testcase classname="backend.tests.test_drip_campaigns.TestUserIsolation" name="test_other_user_cannot_read" time="0.665" /><testcase classname="backend.tests.test_drip_campaigns.TestUserIsolation" name="test_other_user_cannot_update" time="0.101" /><testcase classname="backend.tests.test_drip_campaigns.TestUserIsolation" name="test_other_user_cannot_delete" time="0.114" /><testcase classname="backend.tests.test_drip_campaigns.TestUserIsolation" name="test_other_user_list_excludes" time="0.101" /><testcase classname="backend.tests.test_drip_campaigns.TestStandardCampaignsRegression" name="test_campaigns_list_still_works" time="0.057" /></testsuite></testsuites>