<?xml version="1.0" encoding="utf-8"?><testsuites name="pytest tests"><testsuite name="pytest" errors="0" failures="0" skipped="0" tests="10" time="0.810" timestamp="2026-03-03T15:23:31.954364+00:00" hostname="agent-env-09383277-8e7e-4573-9d6c-ce3985a02ebe"><testcase classname="backend.tests.test_excel_upload.TestExcelUpload" name="test_api_health" time="0.185" /><testcase classname="backend.tests.test_excel_upload.TestExcelUpload" name="test_upload_endpoint_requires_auth" time="0.110" /><testcase classname="backend.tests.test_excel_upload.TestExcelUpload" name="test_csv_upload_still_works" time="0.117" /><testcase classname="backend.tests.test_excel_upload.TestExcelUpload" name="test_xlsx_file_accepted" time="0.125" /><testcase classname="backend.tests.test_excel_upload.TestExcelUpload" name="test_xls_file_accepted" time="0.101" /><testcase classname="backend.tests.test_excel_upload.TestExcelUpload" name="test_invalid_file_extension_rejected" time="0.114" /><testcase classname="backend.tests.test_excel_upload.TestPricingTextUpdates" name="test_pricing_endpoint_or_static_check" time="0.001" /><testcase classname="backend.tests.test_excel_upload.TestPricingTextUpdates" name="test_subscription_page_pricing_text" time="0.000" /><testcase classname="backend.tests.test_excel_upload.TestUploadPageUpdates" name="test_upload_page_accepts_excel" time="0.000" /><testcase classname="backend.tests.test_excel_upload.TestBackendExcelParsing" name="test_server_imports_pandas" time="0.001" /></testsuite></testsuites>