<?xml version="1.0" encoding="utf-8"?><testsuites name="pytest tests"><testsuite name="pytest" errors="0" failures="0" skipped="0" tests="8" time="2.690" timestamp="2026-02-26T11:54:28.580111+00:00" hostname="agent-env-5136c703-9930-4058-8c48-10c5e02ea3b7"><testcase classname="tests.test_force_password_reset.TestForcePasswordReset" name="test_force_reset_requires_auth" time="0.147" /><testcase classname="tests.test_force_password_reset.TestForcePasswordReset" name="test_force_reset_requires_super_admin" time="0.455" /><testcase classname="tests.test_force_password_reset.TestForcePasswordReset" name="test_force_reset_user_not_found" time="0.440" /><testcase classname="tests.test_force_password_reset.TestForcePasswordReset" name="test_force_reset_google_user_fails" time="0.430" /><testcase classname="tests.test_force_password_reset.TestForcePasswordReset" name="test_force_reset_success" time="0.443" /><testcase classname="tests.test_force_password_reset.TestForcePasswordReset" name="test_force_reset_creates_token" time="0.435" /><testcase classname="tests.test_force_password_reset.TestAdminEndpointSecurity" name="test_admin_stats_requires_super_admin" time="0.109" /><testcase classname="tests.test_force_password_reset.TestAdminEndpointSecurity" name="test_admin_users_requires_super_admin" time="0.182" /></testsuite></testsuites>