<?xml version="1.0" encoding="utf-8"?><testsuites name="pytest tests"><testsuite name="pytest" errors="0" failures="0" skipped="0" tests="15" time="1.878" timestamp="2026-06-07T21:55:03.822449+00:00" hostname="agent-env-20038206-70d7-4d8e-bde0-266cbf7f07bd"><testcase classname="backend.tests.test_iteration_47_free_plan.TestSubscriptionPrices" name="test_prices_returns_free_plan_no_trial_days" time="0.176" /><testcase classname="backend.tests.test_iteration_47_free_plan.TestAuthMeNewFields" name="test_subscription_status_includes_downgrade_fields" time="0.157" /><testcase classname="backend.tests.test_iteration_47_free_plan.TestAuthMeNewFields" name="test_auth_me_returns_200" time="0.051" /><testcase classname="backend.tests.test_iteration_47_free_plan.TestRegisterFreeDefault" name="test_new_user_starts_on_free_plan" time="0.353" /><testcase classname="backend.tests.test_iteration_47_free_plan.TestLegacyTrialingMigration" name="test_trialing_user_migrated_on_read" time="0.112" /><testcase classname="backend.tests.test_iteration_47_free_plan.TestPastDueGraceExpired" name="test_past_due_grace_expired_downgrades_to_free" time="0.109" /><testcase classname="backend.tests.test_iteration_47_free_plan.TestCanceledCycleEnded" name="test_canceled_cycle_ended_downgrades_to_free" time="0.206" /><testcase classname="backend.tests.test_iteration_47_free_plan.TestAdminAssignPlan" name="test_admin_assign_free_downgrades_user" time="0.127" /><testcase classname="backend.tests.test_iteration_47_free_plan.TestAdminAssignPlan" name="test_admin_assign_free_blocked_for_stripe_user" time="0.060" /><testcase classname="backend.tests.test_iteration_47_free_plan.TestAdminAssignPlan" name="test_admin_assign_starter_then_remove_override" time="0.132" /><testcase classname="backend.tests.test_iteration_47_free_plan.TestRegression" name="test_endpoint_200[/api/campaigns]" time="0.050" /><testcase classname="backend.tests.test_iteration_47_free_plan.TestRegression" name="test_endpoint_200[/api/drip-campaigns]" time="0.050" /><testcase classname="backend.tests.test_iteration_47_free_plan.TestRegression" name="test_endpoint_200[/api/dne-lists]" time="0.052" /><testcase classname="backend.tests.test_iteration_47_free_plan.TestRegression" name="test_endpoint_200[/api/accounts]" time="0.053" /><testcase classname="backend.tests.test_iteration_47_free_plan.TestRegression" name="test_endpoint_200[/api/unibox/replies]" time="0.053" /></testsuite></testsuites>