<?xml version="1.0" encoding="utf-8"?><testsuites name="pytest tests"><testsuite name="pytest" errors="0" failures="1" skipped="0" tests="12" time="0.974" timestamp="2026-06-08T10:53:08.646371+00:00" hostname="agent-env-20038206-70d7-4d8e-bde0-266cbf7f07bd"><testcase classname="backend.tests.test_iteration_48_stripe_rotation" name="test_health" time="0.256" /><testcase classname="backend.tests.test_iteration_48_stripe_rotation" name="test_subscription_prices_ok" time="0.148" /><testcase classname="backend.tests.test_iteration_48_stripe_rotation" name="test_auth_me" time="0.145"><failure message="AssertionError: Internal Server Error&#10;assert 500 == 200&#10; +  where 500 = &lt;Response [500]&gt;.status_code">backend/tests/test_iteration_48_stripe_rotation.py:70: in test_auth_me
    assert r.status_code == 200, r.text
E   AssertionError: Internal Server Error
E   assert 500 == 200
E    +  where 500 = &lt;Response [500]&gt;.status_code</failure></testcase><testcase classname="backend.tests.test_iteration_48_stripe_rotation" name="test_protected_endpoints[/api/campaigns]" time="0.051" /><testcase classname="backend.tests.test_iteration_48_stripe_rotation" name="test_protected_endpoints[/api/drip-campaigns]" time="0.064" /><testcase classname="backend.tests.test_iteration_48_stripe_rotation" name="test_protected_endpoints[/api/accounts]" time="0.050" /><testcase classname="backend.tests.test_iteration_48_stripe_rotation" name="test_protected_endpoints[/api/unibox/replies]" time="0.052" /><testcase classname="backend.tests.test_iteration_48_stripe_rotation" name="test_protected_endpoints[/api/dne-lists]" time="0.049" /><testcase classname="backend.tests.test_iteration_48_stripe_rotation" name="test_new_stripe_key_only_in_backend_env" time="0.006" /><testcase classname="backend.tests.test_iteration_48_stripe_rotation" name="test_old_stripe_key_fully_removed" time="0.005" /><testcase classname="backend.tests.test_iteration_48_stripe_rotation" name="test_no_stripe_secret_in_frontend_src" time="0.004" /><testcase classname="backend.tests.test_iteration_48_stripe_rotation" name="test_sidebar_footer_present_in_source" time="0.002" /></testsuite></testsuites>