<?xml version="1.0" encoding="utf-8"?><testsuites name="pytest tests"><testsuite name="pytest" errors="0" failures="2" skipped="0" tests="20" time="7.379" timestamp="2026-05-09T11:49:21.671626+00:00" hostname="agent-env-200613ea-2aed-4f46-982e-9b0b9b20937e"><testcase classname="tests.test_iteration_31_features.TestSubscriptionPricesCustomSlabs" name="test_six_slabs_with_correct_prices_and_price_ids" time="0.250" /><testcase classname="tests.test_iteration_31_features.TestCreateCheckoutCustomSlabs" name="test_checkout_accepts_each_slab_price_id[custom_15k-15000-199]" time="1.500" /><testcase classname="tests.test_iteration_31_features.TestCreateCheckoutCustomSlabs" name="test_checkout_accepts_each_slab_price_id[custom_20k-20000-249]" time="0.766" /><testcase classname="tests.test_iteration_31_features.TestCreateCheckoutCustomSlabs" name="test_checkout_accepts_each_slab_price_id[custom_30k-30000-349]" time="0.555" /><testcase classname="tests.test_iteration_31_features.TestCreateCheckoutCustomSlabs" name="test_checkout_accepts_each_slab_price_id[custom_50k-50000-499]" time="0.624" /><testcase classname="tests.test_iteration_31_features.TestCreateCheckoutCustomSlabs" name="test_checkout_accepts_each_slab_price_id[custom_75k-75000-699]" time="0.602" /><testcase classname="tests.test_iteration_31_features.TestCreateCheckoutCustomSlabs" name="test_checkout_accepts_each_slab_price_id[custom_100k-100000-899]" time="0.615" /><testcase classname="tests.test_iteration_31_features.TestAdminLimitOverride" name="test_403_for_non_super_admin" time="0.069" /><testcase classname="tests.test_iteration_31_features.TestAdminLimitOverride" name="test_set_overrides_returns_effective_limits" time="0.394" /><testcase classname="tests.test_iteration_31_features.TestAdminLimitOverride" name="test_clear_individual_override_with_null" time="0.106" /><testcase classname="tests.test_iteration_31_features.TestAdminLimitOverride" name="test_404_for_unknown_user" time="0.052" /><testcase classname="tests.test_iteration_31_features.TestAdminLimitOverride" name="test_negative_value_400" time="0.052" /><testcase classname="tests.test_iteration_31_features.TestPlanLimitsContainSlabs" name="test_plan_limits_has_six_slabs" time="0.158" /><testcase classname="tests.test_iteration_31_features.TestSendEmailSmtpFooterBehaviour" name="test_default_no_footer_appended" time="0.299" /><testcase classname="tests.test_iteration_31_features.TestSendEmailSmtpFooterBehaviour" name="test_footer_appended_when_flag_true_and_body_clean" time="0.001" /><testcase classname="tests.test_iteration_31_features.TestSendEmailSmtpFooterBehaviour" name="test_footer_NOT_duplicated_when_body_has_unsub_url" time="0.001" /><testcase classname="tests.test_iteration_31_features.TestCampaignAddUnsubscribeFooterPersistence" name="test_create_persists_flag_true" time="0.115"><failure message="AssertionError: add_unsubscribe_footer NOT persisted on create. campaign keys=['campaign_id', 'user_id', 'name', 'subject', 'body', 'body_text', 'from_name', 'list_id', 'account_ids', 'status', 'total_emails', 'sent_count', 'failed_count', 'current_account_index', 'is_locked', 'scheduled_at', 'timezone', 'suppression_list_ids', 'send_range_mode', 'send_range_start', 'send_range_end', 'created_at', 'updated_at', 'started_at', 'completed_at', 'pending_count', 'suppressed_count']&#10;assert None is True&#10; +  where None = &lt;built-in method get of dict object at 0xfb7bbedd2e40&gt;('add_unsubscribe_footer')&#10; +    where &lt;built-in method get of dict object at 0xfb7bbedd2e40&gt; = {'account_ids': [], 'body': '&lt;p&gt;B&lt;/p&gt;', 'body_text': None, 'campaign_id': 'camp_63a1150aa2a4', ...}.get">tests/test_iteration_31_features.py:392: in test_create_persists_flag_true
    assert camp.get("add_unsubscribe_footer") is True, (
E   AssertionError: add_unsubscribe_footer NOT persisted on create. campaign keys=['campaign_id', 'user_id', 'name', 'subject', 'body', 'body_text', 'from_name', 'list_id', 'account_ids', 'status', 'total_emails', 'sent_count', 'failed_count', 'current_account_index', 'is_locked', 'scheduled_at', 'timezone', 'suppression_list_ids', 'send_range_mode', 'send_range_start', 'send_range_end', 'created_at', 'updated_at', 'started_at', 'completed_at', 'pending_count', 'suppressed_count']
E   assert None is True
E    +  where None = &lt;built-in method get of dict object at 0xfb7bbedd2e40&gt;('add_unsubscribe_footer')
E    +    where &lt;built-in method get of dict object at 0xfb7bbedd2e40&gt; = {'account_ids': [], 'body': '&lt;p&gt;B&lt;/p&gt;', 'body_text': None, 'campaign_id': 'camp_63a1150aa2a4', ...}.get</failure></testcase><testcase classname="tests.test_iteration_31_features.TestCampaignAddUnsubscribeFooterPersistence" name="test_update_persists_flag_false" time="0.096"><failure message="AssertionError: assert None is False&#10; +  where None = &lt;built-in method get of dict object at 0xfb7bbeeb9b80&gt;('add_unsubscribe_footer')&#10; +    where &lt;built-in method get of dict object at 0xfb7bbeeb9b80&gt; = {'account_ids': [], 'body': '&lt;p&gt;B&lt;/p&gt;', 'body_text': None, 'campaign_id': 'camp_63a1150aa2a4', ...}.get&#10; +      where {'account_ids': [], 'body': '&lt;p&gt;B&lt;/p&gt;', 'body_text': None, 'campaign_id': 'camp_63a1150aa2a4', ...} = json()&#10; +        where json = &lt;Response [200]&gt;.json">tests/test_iteration_31_features.py:401: in test_update_persists_flag_false
    assert r2.json().get("add_unsubscribe_footer") is False
E   AssertionError: assert None is False
E    +  where None = &lt;built-in method get of dict object at 0xfb7bbeeb9b80&gt;('add_unsubscribe_footer')
E    +    where &lt;built-in method get of dict object at 0xfb7bbeeb9b80&gt; = {'account_ids': [], 'body': '&lt;p&gt;B&lt;/p&gt;', 'body_text': None, 'campaign_id': 'camp_63a1150aa2a4', ...}.get
E    +      where {'account_ids': [], 'body': '&lt;p&gt;B&lt;/p&gt;', 'body_text': None, 'campaign_id': 'camp_63a1150aa2a4', ...} = json()
E    +        where json = &lt;Response [200]&gt;.json</failure></testcase><testcase classname="tests.test_iteration_31_features.TestCampaignAddUnsubscribeFooterPersistence" name="test_create_default_is_false" time="0.188" /><testcase classname="tests.test_iteration_31_features.TestHeaderNormalizeRegression" name="test_review_brief_exact_case" time="0.754" /></testsuite></testsuites>