<?xml version="1.0" encoding="utf-8"?><testsuites name="pytest tests"><testsuite name="pytest" errors="0" failures="0" skipped="0" tests="31" time="3.938" timestamp="2026-06-11T16:54:14.606803+00:00" hostname="agent-env-20038206-70d7-4d8e-bde0-266cbf7f07bd"><testcase classname="backend.tests.test_iteration_51_infrastructure.TestAuthMeFlag" name="test_auth_me_super_admin_returns_flag" time="0.331" /><testcase classname="backend.tests.test_iteration_51_infrastructure.TestAuthMeFlag" name="test_auth_me_normal_user_defaults_false" time="0.154" /><testcase classname="backend.tests.test_iteration_51_infrastructure.TestAuthMeFlag" name="test_admin_users_includes_flag" time="1.112" /><testcase classname="backend.tests.test_iteration_51_infrastructure.TestInfraPermissionToggle" name="test_non_admin_cannot_toggle" time="0.060" /><testcase classname="backend.tests.test_iteration_51_infrastructure.TestInfraPermissionToggle" name="test_admin_can_toggle_on_and_off" time="0.098" /><testcase classname="backend.tests.test_iteration_51_infrastructure.TestInfraPermissionToggle" name="test_missing_body_returns_400" time="0.044" /><testcase classname="backend.tests.test_iteration_51_infrastructure.TestOwnership" name="test_user_updates_own_account_ownership" time="0.114" /><testcase classname="backend.tests.test_iteration_51_infrastructure.TestOwnership" name="test_truncates_over_120_chars" time="0.112" /><testcase classname="backend.tests.test_iteration_51_infrastructure.TestOwnership" name="test_other_user_cannot_update_returns_404" time="0.059" /><testcase classname="backend.tests.test_iteration_51_infrastructure.TestOwnership" name="test_super_admin_can_update_any_account" time="0.102" /><testcase classname="backend.tests.test_iteration_51_infrastructure.TestInfraGating" name="test_no_permission_user_blocked_all_infra" time="0.170" /><testcase classname="backend.tests.test_iteration_51_infrastructure.TestInfraGating" name="test_super_admin_can_access" time="0.057" /><testcase classname="backend.tests.test_iteration_51_infrastructure.TestInfraGating" name="test_infra_permitted_user_can_access" time="0.069" /><testcase classname="backend.tests.test_iteration_51_infrastructure.TestInfraInboxes" name="test_inbox_response_shape_and_fields" time="0.057" /><testcase classname="backend.tests.test_iteration_51_infrastructure.TestInfraInboxes" name="test_status_categories_present" time="0.049" /><testcase classname="backend.tests.test_iteration_51_infrastructure.TestInfraInboxes" name="test_filter_status_available" time="0.049" /><testcase classname="backend.tests.test_iteration_51_infrastructure.TestInfraInboxes" name="test_filter_min_remaining" time="0.050" /><testcase classname="backend.tests.test_iteration_51_infrastructure.TestInfraInboxes" name="test_filter_domain" time="0.106" /><testcase classname="backend.tests.test_iteration_51_infrastructure.TestInfraInboxes" name="test_filter_search_email_substring" time="0.098" /><testcase classname="backend.tests.test_iteration_51_infrastructure.TestInfraInboxes" name="test_non_admin_sees_only_own_accounts" time="0.059" /><testcase classname="backend.tests.test_iteration_51_infrastructure.TestInfraSummary" name="test_summary_shape" time="0.044" /><testcase classname="backend.tests.test_iteration_51_infrastructure.TestInfraSummary" name="test_summary_total_matches_inbox_list" time="0.104" /><testcase classname="backend.tests.test_iteration_51_infrastructure.TestInfraExport" name="test_inboxes_xlsx" time="0.121" /><testcase classname="backend.tests.test_iteration_51_infrastructure.TestInfraExport" name="test_domains_csv" time="0.047" /><testcase classname="backend.tests.test_iteration_51_infrastructure.TestInfraExport" name="test_invalid_type" time="0.048" /><testcase classname="backend.tests.test_iteration_51_infrastructure.TestInfraExport" name="test_invalid_format" time="0.047" /><testcase classname="backend.tests.test_iteration_51_infrastructure.TestRegression" name="test_endpoint_still_200[/api/auth/me]" time="0.053" /><testcase classname="backend.tests.test_iteration_51_infrastructure.TestRegression" name="test_endpoint_still_200[/api/campaigns]" time="0.050" /><testcase classname="backend.tests.test_iteration_51_infrastructure.TestRegression" name="test_endpoint_still_200[/api/drip-campaigns]" time="0.047" /><testcase classname="backend.tests.test_iteration_51_infrastructure.TestRegression" name="test_endpoint_still_200[/api/accounts]" time="0.045" /><testcase classname="backend.tests.test_iteration_51_infrastructure.TestRegression" name="test_endpoint_still_200[/api/subscription/prices]" time="0.048" /></testsuite></testsuites>