<?xml version="1.0" encoding="utf-8"?><testsuites name="pytest tests"><testsuite name="pytest" errors="0" failures="0" skipped="0" tests="26" time="1.744" timestamp="2026-06-15T14:08:21.036290+00:00" hostname="agent-env-20038206-70d7-4d8e-bde0-266cbf7f07bd"><testcase classname="backend.tests.test_iter60_phase2_batch_c.TestSentEmailList" name="test_list_returns_shape" time="0.289" /><testcase classname="backend.tests.test_iter60_phase2_batch_c.TestSentEmailList" name="test_list_omits_body" time="0.049" /><testcase classname="backend.tests.test_iter60_phase2_batch_c.TestSentEmailList" name="test_list_pagination" time="0.098" /><testcase classname="backend.tests.test_iter60_phase2_batch_c.TestSentEmailList" name="test_list_cross_tenant_excluded" time="0.047" /><testcase classname="backend.tests.test_iter60_phase2_batch_c.TestSentEmailSearch" name="test_search_recipient" time="0.048" /><testcase classname="backend.tests.test_iter60_phase2_batch_c.TestSentEmailSearch" name="test_search_subject" time="0.048" /><testcase classname="backend.tests.test_iter60_phase2_batch_c.TestSentEmailSearch" name="test_search_from_name" time="0.053" /><testcase classname="backend.tests.test_iter60_phase2_batch_c.TestSentEmailSearch" name="test_search_campaign_name" time="0.050" /><testcase classname="backend.tests.test_iter60_phase2_batch_c.TestSentEmailSearch" name="test_search_drip_name" time="0.050" /><testcase classname="backend.tests.test_iter60_phase2_batch_c.TestSentEmailFilters" name="test_filter_campaign_id" time="0.045" /><testcase classname="backend.tests.test_iter60_phase2_batch_c.TestSentEmailFilters" name="test_filter_drip_id" time="0.054" /><testcase classname="backend.tests.test_iter60_phase2_batch_c.TestSentEmailFilters" name="test_filter_account_id" time="0.050" /><testcase classname="backend.tests.test_iter60_phase2_batch_c.TestSentEmailFilters" name="test_filter_folder_id" time="0.053" /><testcase classname="backend.tests.test_iter60_phase2_batch_c.TestSentEmailFilters" name="test_filter_date_range" time="0.050" /><testcase classname="backend.tests.test_iter60_phase2_batch_c.TestSentEmailFilters" name="test_sort_whitelist_fallback" time="0.050" /><testcase classname="backend.tests.test_iter60_phase2_batch_c.TestSentEmailFilters" name="test_sort_recipient_asc" time="0.049" /><testcase classname="backend.tests.test_iter60_phase2_batch_c.TestSentEmailFilters" name="test_limit_clamped" time="0.048" /><testcase classname="backend.tests.test_iter60_phase2_batch_c.TestSentEmailById" name="test_get_returns_full_body" time="0.050" /><testcase classname="backend.tests.test_iter60_phase2_batch_c.TestSentEmailById" name="test_get_unknown_id_returns_404" time="0.049" /><testcase classname="backend.tests.test_iter60_phase2_batch_c.TestSentEmailById" name="test_get_cross_tenant_returns_404" time="0.050" /><testcase classname="backend.tests.test_iter60_phase2_batch_c.TestSentEmailByRecipient" name="test_latest_by_recipient_campaign" time="0.053" /><testcase classname="backend.tests.test_iter60_phase2_batch_c.TestSentEmailByRecipient" name="test_recipient_case_insensitive" time="0.049" /><testcase classname="backend.tests.test_iter60_phase2_batch_c.TestSentEmailByRecipient" name="test_by_recipient_drip" time="0.046" /><testcase classname="backend.tests.test_iter60_phase2_batch_c.TestSentEmailByRecipient" name="test_by_recipient_no_match_404" time="0.048" /><testcase classname="backend.tests.test_iter60_phase2_batch_c.TestCampaignEnrichment" name="test_campaign_has_folder_name_reply_count_lead_count" time="0.052" /><testcase classname="backend.tests.test_iter60_phase2_batch_c.TestDripEnrichment" name="test_drip_has_folder_name_reply_count_lead_count" time="0.057" /></testsuite></testsuites>