<?xml version="1.0" encoding="utf-8"?><testsuites name="pytest tests"><testsuite name="pytest" errors="0" failures="0" skipped="0" tests="12" time="1.334" timestamp="2026-06-12T14:31:09.643394+00:00" hostname="agent-env-20038206-70d7-4d8e-bde0-266cbf7f07bd"><testcase classname="backend.tests.test_infra_phase_c.TestReputation" name="test_recompute_returns_count" time="0.300" /><testcase classname="backend.tests.test_infra_phase_c.TestReputation" name="test_get_reputation_summary_shape" time="0.058" /><testcase classname="backend.tests.test_infra_phase_c.TestReputation" name="test_zero_send_inbox_score_formula" time="0.189" /><testcase classname="backend.tests.test_infra_phase_c.TestReputation" name="test_bounced_inbox_lowers_score" time="0.176" /><testcase classname="backend.tests.test_infra_phase_c.TestIssues" name="test_get_issues_contains_seeded" time="0.059" /><testcase classname="backend.tests.test_infra_phase_c.TestIssues" name="test_bulk_invalid_action" time="0.052" /><testcase classname="backend.tests.test_infra_phase_c.TestIssues" name="test_bulk_empty_account_ids_422" time="0.052" /><testcase classname="backend.tests.test_infra_phase_c.TestIssues" name="test_bulk_unknown_ids_404" time="0.057" /><testcase classname="backend.tests.test_infra_phase_c.TestIssues" name="test_bulk_resume" time="0.057" /><testcase classname="backend.tests.test_infra_phase_c.TestIssues" name="test_bulk_pause" time="0.071" /><testcase classname="backend.tests.test_infra_phase_c.TestIssues" name="test_bulk_delete_removes_from_campaigns" time="0.058" /><testcase classname="backend.tests.test_infra_phase_c.TestIssues" name="test_bulk_replace_no_candidate_logs" time="0.063" /></testsuite></testsuites>