<?xml version="1.0" encoding="utf-8"?><testsuites name="pytest tests"><testsuite name="pytest" errors="0" failures="0" skipped="0" tests="12" time="5.312" timestamp="2026-05-05T21:54:40.759515+00:00" hostname="agent-env-200613ea-2aed-4f46-982e-9b0b9b20937e"><testcase classname="tests.test_iteration_29_features.TestBlogEndpoints" name="test_public_list_blogs_no_auth" time="0.262" /><testcase classname="tests.test_iteration_29_features.TestBlogEndpoints" name="test_admin_list_requires_super_admin" time="0.457" /><testcase classname="tests.test_iteration_29_features.TestBlogEndpoints" name="test_admin_create_blocked_for_regular_user" time="0.070" /><testcase classname="tests.test_iteration_29_features.TestBlogEndpoints" name="test_admin_crud_full_cycle" time="1.138" /><testcase classname="tests.test_iteration_29_features.TestStandardCampaignSendRange" name="test_send_range_mode_range_persists" time="0.366" /><testcase classname="tests.test_iteration_29_features.TestStandardCampaignSendRange" name="test_send_range_all_persists" time="0.296" /><testcase classname="tests.test_iteration_29_features.TestDripSendRange" name="test_drip_range_enrolls_only_slice" time="0.465" /><testcase classname="tests.test_iteration_29_features.TestDripSendRange" name="test_drip_all_enrolls_everyone" time="0.350" /><testcase classname="tests.test_iteration_29_features.TestDripSendRange" name="test_drip_missing_send_range_defaults_to_all" time="0.382" /><testcase classname="tests.test_iteration_29_features.TestAccountCredential" name="test_credential_returns_decrypted_password" time="0.527" /><testcase classname="tests.test_iteration_29_features.TestAccountCredential" name="test_credential_unauth" time="0.116" /><testcase classname="tests.test_iteration_29_features.TestDailyLimit" name="test_daily_limit_high_value_accepted" time="0.743" /></testsuite></testsuites>