<?xml version="1.0" encoding="utf-8"?><testsuites name="pytest tests"><testsuite name="pytest" errors="0" failures="0" skipped="0" tests="25" time="1.984" timestamp="2026-06-11T19:45:25.092933+00:00" hostname="agent-env-20038206-70d7-4d8e-bde0-266cbf7f07bd"><testcase classname="backend.tests.test_iteration_53_infrastructure_phase3.TestAllocator" name="test_allocate_4_diversified" time="0.351" /><testcase classname="backend.tests.test_iteration_53_infrastructure_phase3.TestAllocator" name="test_allocate_20_warns_insufficient" time="0.058" /><testcase classname="backend.tests.test_iteration_53_infrastructure_phase3.TestAllocator" name="test_allocate_domain_capacity_floor_skips_all" time="0.058" /><testcase classname="backend.tests.test_iteration_53_infrastructure_phase3.TestAllocator" name="test_allocate_min_remaining_floor_excludes_all" time="0.054" /><testcase classname="backend.tests.test_iteration_53_infrastructure_phase3.TestAllocator" name="test_allocate_validation_422[0]" time="0.059" /><testcase classname="backend.tests.test_iteration_53_infrastructure_phase3.TestAllocator" name="test_allocate_validation_422[-1]" time="0.058" /><testcase classname="backend.tests.test_iteration_53_infrastructure_phase3.TestAllocator" name="test_allocate_validation_422[10001]" time="0.052" /><testcase classname="backend.tests.test_iteration_53_infrastructure_phase3.TestAllocator" name="test_allocate_403_for_non_permitted_user" time="0.126" /><testcase classname="backend.tests.test_iteration_53_infrastructure_phase3.TestPlanner" name="test_planner_large_insufficient" time="0.060" /><testcase classname="backend.tests.test_iteration_53_infrastructure_phase3.TestPlanner" name="test_planner_small_ready" time="0.061" /><testcase classname="backend.tests.test_iteration_53_infrastructure_phase3.TestPlanner" name="test_planner_validation_422[payload0]" time="0.051" /><testcase classname="backend.tests.test_iteration_53_infrastructure_phase3.TestPlanner" name="test_planner_validation_422[payload1]" time="0.050" /><testcase classname="backend.tests.test_iteration_53_infrastructure_phase3.TestPlanner" name="test_planner_validation_422[payload2]" time="0.058" /><testcase classname="backend.tests.test_iteration_53_infrastructure_phase3.TestPlanner" name="test_planner_validation_422[payload3]" time="0.050" /><testcase classname="backend.tests.test_iteration_53_infrastructure_phase3.TestPlanner" name="test_planner_validation_422[payload4]" time="0.054" /><testcase classname="backend.tests.test_iteration_53_infrastructure_phase3.TestPlanner" name="test_planner_validation_422[payload5]" time="0.062" /><testcase classname="backend.tests.test_iteration_53_infrastructure_phase3.TestPlanner" name="test_planner_403_for_non_permitted_user" time="0.054" /><testcase classname="backend.tests.test_iteration_53_infrastructure_phase3.TestRegression" name="test_summary_still_works" time="0.061" /><testcase classname="backend.tests.test_iteration_53_infrastructure_phase3.TestRegression" name="test_inboxes_still_works" time="0.059" /><testcase classname="backend.tests.test_iteration_53_infrastructure_phase3.TestRegression" name="test_calendar_still_works" time="0.121" /><testcase classname="backend.tests.test_iteration_53_infrastructure_phase3.TestRegression" name="test_export_still_works" time="0.058" /><testcase classname="backend.tests.test_iteration_53_infrastructure_phase3.TestRegression" name="test_auth_me" time="0.053" /><testcase classname="backend.tests.test_iteration_53_infrastructure_phase3.TestRegression" name="test_campaigns" time="0.050" /><testcase classname="backend.tests.test_iteration_53_infrastructure_phase3.TestRegression" name="test_drip_campaigns" time="0.049" /><testcase classname="backend.tests.test_iteration_53_infrastructure_phase3.TestRegression" name="test_accounts" time="0.054" /></testsuite></testsuites>