<?xml version="1.0" encoding="utf-8"?><testsuites name="pytest tests"><testsuite name="pytest" errors="0" failures="1" skipped="0" tests="21" time="2.065" timestamp="2026-06-11T21:52:40.925303+00:00" hostname="agent-env-20038206-70d7-4d8e-bde0-266cbf7f07bd"><testcase classname="backend.tests.test_iteration_55_batch_planner.TestSpecExample" name="test_summary_and_batches" time="0.419" /><testcase classname="backend.tests.test_iteration_55_batch_planner.TestSpecExample" name="test_schedule_15_rows_all_ready" time="0.060" /><testcase classname="backend.tests.test_iteration_55_batch_planner.TestSpecExample" name="test_followup_alignment" time="0.058" /><testcase classname="backend.tests.test_iteration_55_batch_planner.TestUnevenDivide" name="test_4250_yields_6_batches" time="0.057" /><testcase classname="backend.tests.test_iteration_55_batch_planner.TestWeekdaySnap" name="test_step2_snaps_forward_to_mon" time="0.058" /><testcase classname="backend.tests.test_iteration_55_batch_planner.TestWeekdaySnap" name="test_step2_stays_saturday_when_weekends_allowed" time="0.056" /><testcase classname="backend.tests.test_iteration_55_batch_planner.TestRealPool" name="test_real_pool_uses_inbox_daily_limits" time="0.058"><failure message="assert 60 == 10">backend/tests/test_iteration_55_batch_planner.py:194: in test_real_pool_uses_inbox_daily_limits
    assert d["summary"]["daily_capacity"] == expected_cap
E   assert 60 == 10</failure></testcase><testcase classname="backend.tests.test_iteration_55_batch_planner.TestRealPool" name="test_unknown_account_ids_400" time="0.075" /><testcase classname="backend.tests.test_iteration_55_batch_planner.TestValidation" name="test_leads_zero_422" time="0.053" /><testcase classname="backend.tests.test_iteration_55_batch_planner.TestValidation" name="test_sending_days_empty_is_allowed_and_falls_back" time="0.060" /><testcase classname="backend.tests.test_iteration_55_batch_planner.TestValidation" name="test_bad_start_date_400" time="0.058" /><testcase classname="backend.tests.test_iteration_55_batch_planner.TestValidation" name="test_missing_both_pool_options_400" time="0.057" /><testcase classname="backend.tests.test_iteration_55_batch_planner.TestCapacityConflict" name="test_overlap_detection" time="0.056" /><testcase classname="backend.tests.test_iteration_55_batch_planner.TestExports" name="test_xlsx_export" time="0.073" /><testcase classname="backend.tests.test_iteration_55_batch_planner.TestExports" name="test_csv_export" time="0.056" /><testcase classname="backend.tests.test_iteration_55_batch_planner.TestExports" name="test_invalid_export_format_400" time="0.062" /><testcase classname="backend.tests.test_iteration_55_batch_planner.TestPermissions" name="test_non_permitted_user_403_on_batch" time="0.126" /><testcase classname="backend.tests.test_iteration_55_batch_planner.TestPermissions" name="test_non_permitted_user_403_on_export" time="0.089" /><testcase classname="backend.tests.test_iteration_55_batch_planner.TestRegression" name="test_standard_planner_ready" time="0.060" /><testcase classname="backend.tests.test_iteration_55_batch_planner.TestRegression" name="test_phase1_summary_still_works" time="0.061" /><testcase classname="backend.tests.test_iteration_55_batch_planner.TestRegression" name="test_phase2_inboxes_still_works" time="0.064" /></testsuite></testsuites>