<?xml version="1.0" encoding="utf-8"?><testsuites name="pytest tests"><testsuite name="pytest" errors="0" failures="0" skipped="0" tests="19" time="2.358" timestamp="2026-05-04T17:44:33.189377+00:00" hostname="agent-env-46b559b1-5e2e-4a16-8df6-0f7adbe1fa84"><testcase classname="backend.tests.test_iteration_28_features.TestAddRecord" name="test_add_valid_lowercases_and_trims" time="0.567" /><testcase classname="backend.tests.test_iteration_28_features.TestAddRecord" name="test_add_invalid_email_400" time="0.063" /><testcase classname="backend.tests.test_iteration_28_features.TestAddRecord" name="test_add_empty_email_400" time="0.074" /><testcase classname="backend.tests.test_iteration_28_features.TestAddRecord" name="test_add_duplicate_case_insensitive_400" time="0.056" /><testcase classname="backend.tests.test_iteration_28_features.TestAddRecord" name="test_add_to_unknown_list_404" time="0.059" /><testcase classname="backend.tests.test_iteration_28_features.TestAddRecord" name="test_add_unauthenticated_blocked" time="0.126" /><testcase classname="backend.tests.test_iteration_28_features.TestAddRecord" name="test_add_cross_user_returns_404" time="0.058" /><testcase classname="backend.tests.test_iteration_28_features.TestDeleteRecord" name="test_delete_email_present_decrements_counts" time="0.116" /><testcase classname="backend.tests.test_iteration_28_features.TestDeleteRecord" name="test_delete_email_not_present_404" time="0.059" /><testcase classname="backend.tests.test_iteration_28_features.TestDeleteRecord" name="test_delete_unknown_list_404" time="0.058" /><testcase classname="backend.tests.test_iteration_28_features.TestDeleteRecord" name="test_delete_unauthenticated_blocked" time="0.121" /><testcase classname="backend.tests.test_iteration_28_features.TestIsEmailSuppressed" name="test_legacy_suppression_always_applied" time="0.313" /><testcase classname="backend.tests.test_iteration_28_features.TestIsEmailSuppressed" name="test_global_dne_not_auto_applied" time="0.003" /><testcase classname="backend.tests.test_iteration_28_features.TestUnsubscribeEndpoint" name="test_unsubscribe_writes_three_sources_and_flips_drip_contacts" time="0.238" /><testcase classname="backend.tests.test_iteration_28_features.TestDailyLimitNoCap" name="test_put_limit_500" time="0.061" /><testcase classname="backend.tests.test_iteration_28_features.TestDailyLimitNoCap" name="test_put_limit_1000" time="0.057" /><testcase classname="backend.tests.test_iteration_28_features.TestDailyLimitNoCap" name="test_put_limit_zero_normalises_to_one" time="0.059" /><testcase classname="backend.tests.test_iteration_28_features.TestDailyLimitNoCap" name="test_put_limit_non_integer_400" time="0.061" /><testcase classname="backend.tests.test_iteration_28_features.TestDailyLimitNoCap" name="test_put_limit_unknown_account_404" time="0.067" /></testsuite></testsuites>