<?xml version="1.0" encoding="utf-8"?><testsuites name="pytest tests"><testsuite name="pytest" errors="0" failures="0" skipped="0" tests="18" time="2.700" timestamp="2026-06-06T10:16:31.659364+00:00" hostname="agent-env-20038206-70d7-4d8e-bde0-266cbf7f07bd"><testcase classname="backend.tests.test_iteration_42_export_import_convert.TestAuthGating" name="test_export_campaign_anon" time="0.253" /><testcase classname="backend.tests.test_iteration_42_export_import_convert.TestAuthGating" name="test_import_campaign_anon" time="0.100" /><testcase classname="backend.tests.test_iteration_42_export_import_convert.TestAuthGating" name="test_convert_anon" time="0.098" /><testcase classname="backend.tests.test_iteration_42_export_import_convert.TestAuthGating" name="test_export_drip_anon" time="0.119" /><testcase classname="backend.tests.test_iteration_42_export_import_convert.TestAuthGating" name="test_import_drip_anon" time="0.154" /><testcase classname="backend.tests.test_iteration_42_export_import_convert.TestCampaignExport" name="test_export_payload_shape" time="0.472" /><testcase classname="backend.tests.test_iteration_42_export_import_convert.TestCampaignExport" name="test_export_unknown_404" time="0.058" /><testcase classname="backend.tests.test_iteration_42_export_import_convert.TestCampaignImport" name="test_import_creates_draft_and_name_collides" time="0.282" /><testcase classname="backend.tests.test_iteration_42_export_import_convert.TestCampaignImport" name="test_import_invalid_payload" time="0.048" /><testcase classname="backend.tests.test_iteration_42_export_import_convert.TestConvertToDrip" name="test_convert_does_not_touch_source" time="0.249" /><testcase classname="backend.tests.test_iteration_42_export_import_convert.TestDripExport" name="test_drip_export_shape" time="0.101" /><testcase classname="backend.tests.test_iteration_42_export_import_convert.TestDripImport" name="test_drip_import_creates_draft_and_unique_name" time="0.231" /><testcase classname="backend.tests.test_iteration_42_export_import_convert.TestDripImport" name="test_drip_import_zero_steps_400" time="0.042" /><testcase classname="backend.tests.test_iteration_42_export_import_convert.TestDripImport" name="test_drip_import_wrong_type_400" time="0.042" /><testcase classname="backend.tests.test_iteration_42_export_import_convert.TestRegressionSmoke" name="test_campaigns_list_200" time="0.049" /><testcase classname="backend.tests.test_iteration_42_export_import_convert.TestRegressionSmoke" name="test_drip_campaigns_list_200" time="0.052" /><testcase classname="backend.tests.test_iteration_42_export_import_convert.TestRegressionSmoke" name="test_campaign_duplicate_200" time="0.102" /><testcase classname="backend.tests.test_iteration_42_export_import_convert.TestRegressionSmoke" name="test_drip_duplicate_200" time="0.182" /></testsuite></testsuites>