<?xml version="1.0" encoding="utf-8"?><testsuites name="pytest tests"><testsuite name="pytest" errors="0" failures="0" skipped="0" tests="10" time="1.660" timestamp="2026-06-07T21:16:43.490141+00:00" hostname="agent-env-20038206-70d7-4d8e-bde0-266cbf7f07bd"><testcase classname="backend.tests.test_iteration_46_turnstile.TestLoginTurnstileGate" name="test_login_without_turnstile_token_returns_400_with_exact_message" time="0.172" /><testcase classname="backend.tests.test_iteration_46_turnstile.TestLoginTurnstileGate" name="test_login_with_bogus_turnstile_token_returns_400" time="0.218" /><testcase classname="backend.tests.test_iteration_46_turnstile.TestLoginTurnstileGate" name="test_login_with_empty_string_turnstile_token_returns_400" time="0.113" /><testcase classname="backend.tests.test_iteration_46_turnstile.TestRegisterTurnstileGate" name="test_register_without_turnstile_token_blocks_and_does_not_create_user" time="0.132" /><testcase classname="backend.tests.test_iteration_46_turnstile.TestRegisterTurnstileGate" name="test_register_with_bogus_turnstile_token_blocks_and_does_not_create_user" time="0.211" /><testcase classname="backend.tests.test_iteration_46_turnstile.TestNonAuthEndpointsRegression" name="test_endpoint_returns_200[/api/campaigns]" time="0.148" /><testcase classname="backend.tests.test_iteration_46_turnstile.TestNonAuthEndpointsRegression" name="test_endpoint_returns_200[/api/drip-campaigns]" time="0.146" /><testcase classname="backend.tests.test_iteration_46_turnstile.TestNonAuthEndpointsRegression" name="test_endpoint_returns_200[/api/dne-lists]" time="0.127" /><testcase classname="backend.tests.test_iteration_46_turnstile.TestNonAuthEndpointsRegression" name="test_endpoint_returns_200[/api/unibox/replies]" time="0.130" /><testcase classname="backend.tests.test_iteration_46_turnstile.TestNonAuthEndpointsRegression" name="test_endpoint_returns_200[/api/accounts]" time="0.143" /></testsuite></testsuites>