<?xml version="1.0" encoding="utf-8"?><testsuites name="pytest tests"><testsuite name="pytest" errors="0" failures="0" skipped="0" tests="7" time="1.020" timestamp="2026-06-12T14:01:46.971105+00:00" hostname="agent-env-20038206-70d7-4d8e-bde0-266cbf7f07bd"><testcase classname="backend.tests.test_infra_phase_b.TestCandidate" name="test_candidate_returns_replacement_and_excludes_busy" time="0.373" /><testcase classname="backend.tests.test_infra_phase_b.TestCandidate" name="test_candidate_cross_domain_preferred" time="0.072" /><testcase classname="backend.tests.test_infra_phase_b.TestCandidate" name="test_candidate_unknown_account_404" time="0.057" /><testcase classname="backend.tests.test_infra_phase_b.TestExecute" name="test_execute_swaps_and_logs" time="0.079" /><testcase classname="backend.tests.test_infra_phase_b.TestExecute" name="test_execute_unknown_account_404" time="0.055" /><testcase classname="backend.tests.test_infra_phase_b.TestHistory" name="test_history_lists_completed_and_filters" time="0.163" /><testcase classname="backend.tests.test_infra_phase_b.TestAutoScan" name="test_auto_scan_shape" time="0.055" /></testsuite></testsuites>