<?xml version="1.0" encoding="utf-8"?><testsuites name="pytest tests"><testsuite name="pytest" errors="0" failures="0" skipped="0" tests="30" time="2.283" timestamp="2026-06-15T14:27:34.741386+00:00" hostname="agent-env-20038206-70d7-4d8e-bde0-266cbf7f07bd"><testcase classname="backend.tests.test_iter61_phase2_batch_b.TestListReplies" name="test_default_excludes_archived" time="0.307" /><testcase classname="backend.tests.test_iter61_phase2_batch_b.TestListReplies" name="test_archived_true_returns_only_archived" time="0.051" /><testcase classname="backend.tests.test_iter61_phase2_batch_b.TestListReplies" name="test_folder_id_filter" time="0.050" /><testcase classname="backend.tests.test_iter61_phase2_batch_b.TestListReplies" name="test_unassigned_folder" time="0.049" /><testcase classname="backend.tests.test_iter61_phase2_batch_b.TestListReplies" name="test_campaign_id_filter" time="0.058" /><testcase classname="backend.tests.test_iter61_phase2_batch_b.TestListReplies" name="test_drip_id_filter" time="0.049" /><testcase classname="backend.tests.test_iter61_phase2_batch_b.TestListReplies" name="test_account_id_filter" time="0.049" /><testcase classname="backend.tests.test_iter61_phase2_batch_b.TestListReplies" name="test_domain_filter" time="0.050" /><testcase classname="backend.tests.test_iter61_phase2_batch_b.TestListReplies" name="test_date_preset_last_7" time="0.049" /><testcase classname="backend.tests.test_iter61_phase2_batch_b.TestListReplies" name="test_q_freetext_search" time="0.047" /><testcase classname="backend.tests.test_iter61_phase2_batch_b.TestListReplies" name="test_sort_by_whitelist_fallback" time="0.050" /><testcase classname="backend.tests.test_iter61_phase2_batch_b.TestListReplies" name="test_sort_by_from_email_asc" time="0.068" /><testcase classname="backend.tests.test_iter61_phase2_batch_b.TestListReplies" name="test_limit_clamp_invalid" time="0.048" /><testcase classname="backend.tests.test_iter61_phase2_batch_b.TestListReplies" name="test_pagination_skip" time="0.096" /><testcase classname="backend.tests.test_iter61_phase2_batch_b.TestListReplies" name="test_enrichment_fields" time="0.051" /><testcase classname="backend.tests.test_iter61_phase2_batch_b.TestMoveReplies" name="test_move_to_folder" time="0.048" /><testcase classname="backend.tests.test_iter61_phase2_batch_b.TestMoveReplies" name="test_move_to_unassigned" time="0.051" /><testcase classname="backend.tests.test_iter61_phase2_batch_b.TestMoveReplies" name="test_move_unknown_folder_404" time="0.046" /><testcase classname="backend.tests.test_iter61_phase2_batch_b.TestMoveReplies" name="test_move_empty_400" time="0.048" /><testcase classname="backend.tests.test_iter61_phase2_batch_b.TestMoveReplies" name="test_move_cross_tenant_silent" time="0.058" /><testcase classname="backend.tests.test_iter61_phase2_batch_b.TestArchiveReplies" name="test_archive_then_unarchive" time="0.195" /><testcase classname="backend.tests.test_iter61_phase2_batch_b.TestArchiveReplies" name="test_archive_empty_400" time="0.054" /><testcase classname="backend.tests.test_iter61_phase2_batch_b.TestDeleteReplies" name="test_delete_persists" time="0.045" /><testcase classname="backend.tests.test_iter61_phase2_batch_b.TestDeleteReplies" name="test_delete_empty_400" time="0.043" /><testcase classname="backend.tests.test_iter61_phase2_batch_b.TestDeleteReplies" name="test_delete_cross_tenant" time="0.045" /><testcase classname="backend.tests.test_iter61_phase2_batch_b.TestDomainDNE" name="test_preview_counts" time="0.059" /><testcase classname="backend.tests.test_iter61_phase2_batch_b.TestDomainDNE" name="test_preview_invalid_domain_400" time="0.088" /><testcase classname="backend.tests.test_iter61_phase2_batch_b.TestDomainDNE" name="test_add_domain_then_idempotent" time="0.113" /><testcase classname="backend.tests.test_iter61_phase2_batch_b.TestDomainDNE" name="test_add_domain_invalid_400" time="0.099" /><testcase classname="backend.tests.test_iter61_phase2_batch_b.TestFoldersRegression" name="test_folder_reply_counts" time="0.058" /></testsuite></testsuites>