<?xml version="1.0" encoding="utf-8"?><testsuites name="pytest tests"><testsuite name="pytest" errors="0" failures="0" skipped="0" tests="21" time="4.234" timestamp="2026-06-05T16:57:00.669865+00:00" hostname="agent-env-20038206-70d7-4d8e-bde0-266cbf7f07bd"><testcase classname="backend.tests.test_iteration_41_unsubscribe_admin_backup.TestUnsubscribe" name="test_unsubscribe_token_html_response" time="0.839" /><testcase classname="backend.tests.test_iteration_41_unsubscribe_admin_backup.TestUnsubscribe" name="test_unsubscribe_twice_no_duplicates" time="0.348" /><testcase classname="backend.tests.test_iteration_41_unsubscribe_admin_backup.TestUnsubscribe" name="test_unsubscribe_invalid_token_returns_html" time="0.206" /><testcase classname="backend.tests.test_iteration_41_unsubscribe_admin_backup.TestDNEAddEntries" name="test_mixed_emails_and_domains" time="0.238" /><testcase classname="backend.tests.test_iteration_41_unsubscribe_admin_backup.TestDNEAddEntries" name="test_typed_entries_payload" time="0.277" /><testcase classname="backend.tests.test_iteration_41_unsubscribe_admin_backup.TestDNEStats" name="test_stats_shape" time="0.055" /><testcase classname="backend.tests.test_iteration_41_unsubscribe_admin_backup.TestDomainSuppression" name="test_check_suppressed_endpoint_for_domain" time="0.235" /><testcase classname="backend.tests.test_iteration_41_unsubscribe_admin_backup.TestBackupExport" name="test_dne_csv_export" time="0.061" /><testcase classname="backend.tests.test_iteration_41_unsubscribe_admin_backup.TestBackupExport" name="test_full_zip_contains_dne_with_types" time="0.116" /><testcase classname="backend.tests.test_iteration_41_unsubscribe_admin_backup.TestAdminBackup" name="test_export_full_zip" time="0.801" /><testcase classname="backend.tests.test_iteration_41_unsubscribe_admin_backup.TestAdminBackup" name="test_export_selected_users" time="0.058" /><testcase classname="backend.tests.test_iteration_41_unsubscribe_admin_backup.TestAdminBackup" name="test_import_preview" time="0.127" /><testcase classname="backend.tests.test_iteration_41_unsubscribe_admin_backup.TestAdminBackup" name="test_import_with_merge" time="0.170" /><testcase classname="backend.tests.test_iteration_41_unsubscribe_admin_backup.TestAdminBackup" name="test_backup_history" time="0.053" /><testcase classname="backend.tests.test_iteration_41_unsubscribe_admin_backup.TestAdminBackup" name="test_non_admin_forbidden" time="0.170" /><testcase classname="backend.tests.test_iteration_41_unsubscribe_admin_backup.TestRegression" name="test_endpoint_ok[/api/campaigns]" time="0.065" /><testcase classname="backend.tests.test_iteration_41_unsubscribe_admin_backup.TestRegression" name="test_endpoint_ok[/api/drip-campaigns]" time="0.053" /><testcase classname="backend.tests.test_iteration_41_unsubscribe_admin_backup.TestRegression" name="test_endpoint_ok[/api/dne-lists]" time="0.059" /><testcase classname="backend.tests.test_iteration_41_unsubscribe_admin_backup.TestRegression" name="test_endpoint_ok[/api/unibox/replies]" time="0.053" /><testcase classname="backend.tests.test_iteration_41_unsubscribe_admin_backup.TestRegression" name="test_endpoint_ok[/api/leads/folders]" time="0.102" /><testcase classname="backend.tests.test_iteration_41_unsubscribe_admin_backup.TestRegression" name="test_backup_full_ok" time="0.060" /></testsuite></testsuites>