<?xml version="1.0" encoding="utf-8"?><testsuites name="pytest tests"><testsuite name="pytest" errors="0" failures="0" skipped="0" tests="21" time="1.915" timestamp="2026-06-15T15:02:17.076096+00:00" hostname="agent-env-20038206-70d7-4d8e-bde0-266cbf7f07bd"><testcase classname="tests.test_iter62_phase3_batch_1.TestGoogleAuthRemoved" name="test_auth_session_returns_404" time="0.150" /><testcase classname="tests.test_iter62_phase3_batch_1.TestAuthMePasswordSetupFlag" name="test_me_normal_user_false" time="0.048" /><testcase classname="tests.test_iter62_phase3_batch_1.TestAuthMePasswordSetupFlag" name="test_me_google_user_true" time="0.113" /><testcase classname="tests.test_iter62_phase3_batch_1.TestSetInitialPassword" name="test_set_password_too_short" time="0.100" /><testcase classname="tests.test_iter62_phase3_batch_1.TestSetInitialPassword" name="test_set_password_mismatch" time="0.109" /><testcase classname="tests.test_iter62_phase3_batch_1.TestSetInitialPassword" name="test_set_password_happy_path_and_flag_flips" time="0.380" /><testcase classname="tests.test_iter62_phase3_batch_1.TestSetInitialPassword" name="test_set_password_rejected_when_already_set" time="0.045" /><testcase classname="tests.test_iter62_phase3_batch_1.TestLoginLegacyGoogleUser" name="test_login_legacy_google_blocked" time="0.114" /><testcase classname="tests.test_iter62_phase3_batch_1.TestForgotPasswordGoogleUser" name="test_forgot_password_google_user_works" time="0.114" /><testcase classname="tests.test_iter62_phase3_batch_1.TestForcePasswordResetGoogleUser" name="test_force_password_reset_google_user_success" time="0.090" /><testcase classname="tests.test_iter62_phase3_batch_1.TestRegisterExistingGoogleUser" name="test_register_existing_google_returns_400" time="0.099" /><testcase classname="tests.test_iter62_phase3_batch_1.TestEnsureDomainRecord" name="test_first_call_inserts_with_defaults" time="0.355" /><testcase classname="tests.test_iter62_phase3_batch_1.TestEnsureDomainRecord" name="test_second_call_same_domain_only_increments_count" time="0.008" /><testcase classname="tests.test_iter62_phase3_batch_1.TestEnsureDomainRecord" name="test_manually_edited_row_never_overwritten" time="0.005" /><testcase classname="tests.test_iter62_phase3_batch_1.TestEnsureDomainRecord" name="test_bad_inputs_return_none[]" time="0.002" /><testcase classname="tests.test_iter62_phase3_batch_1.TestEnsureDomainRecord" name="test_bad_inputs_return_none[noatsymbol]" time="0.002" /><testcase classname="tests.test_iter62_phase3_batch_1.TestEnsureDomainRecord" name="test_bad_inputs_return_none[foo@]" time="0.001" /><testcase classname="tests.test_iter62_phase3_batch_1.TestEnsureDomainRecord" name="test_bad_inputs_return_none[@noTLD]" time="0.001" /><testcase classname="tests.test_iter62_phase3_batch_1.TestEnsureDomainRecord" name="test_bad_inputs_return_none[foo@bar]" time="0.002" /><testcase classname="tests.test_iter62_phase3_batch_1.TestEnsureDomainRecord" name="test_case_normalization" time="0.007" /><testcase classname="tests.test_iter62_phase3_batch_1.TestBulkImportDomainAggregation" name="test_three_inboxes_one_domain_yields_one_row_count_three" time="0.014" /></testsuite></testsuites>