<?xml version="1.0" encoding="utf-8"?><testsuites name="pytest tests"><testsuite name="pytest" errors="0" failures="0" skipped="0" tests="28" time="2.800" timestamp="2026-06-08T11:37:11.577512+00:00" hostname="agent-env-20038206-70d7-4d8e-bde0-266cbf7f07bd"><testcase classname="backend.tests.test_iteration_49_blog_permissions_backup.TestBlogPermission" name="test_revoked_user_blocked_from_admin_blogs" time="0.294" /><testcase classname="backend.tests.test_iteration_49_blog_permissions_backup.TestBlogPermission" name="test_non_admin_cannot_grant" time="0.060" /><testcase classname="backend.tests.test_iteration_49_blog_permissions_backup.TestBlogPermission" name="test_admin_grants_permission" time="0.116" /><testcase classname="backend.tests.test_iteration_49_blog_permissions_backup.TestBlogPermission" name="test_auth_me_returns_flag_for_normal_user" time="0.056" /><testcase classname="backend.tests.test_iteration_49_blog_permissions_backup.TestBlogPermission" name="test_auth_me_returns_flag_for_super_admin" time="0.051" /><testcase classname="backend.tests.test_iteration_49_blog_permissions_backup.TestBlogPermission" name="test_admin_users_list_includes_flag" time="0.074" /><testcase classname="backend.tests.test_iteration_49_blog_permissions_backup.TestBlogPermission" name="test_admin_revokes_permission" time="0.054" /><testcase classname="backend.tests.test_iteration_49_blog_permissions_backup.TestDelegatedBlogCRUD" name="test_list_ok" time="0.083" /><testcase classname="backend.tests.test_iteration_49_blog_permissions_backup.TestDelegatedBlogCRUD" name="test_full_crud" time="0.234" /><testcase classname="backend.tests.test_iteration_49_blog_permissions_backup.TestDelegatedBlogCRUD" name="test_upload_image" time="0.111" /><testcase classname="backend.tests.test_iteration_49_blog_permissions_backup.TestBlogBackup" name="test_export_all_blogs_super_admin" time="0.056" /><testcase classname="backend.tests.test_iteration_49_blog_permissions_backup.TestBlogBackup" name="test_export_selected_blogs" time="0.057" /><testcase classname="backend.tests.test_iteration_49_blog_permissions_backup.TestBlogBackup" name="test_export_blogs_forbidden_for_non_admin" time="0.165" /><testcase classname="backend.tests.test_iteration_49_blog_permissions_backup.TestBlogBackup" name="test_import_invalid_file_400" time="0.100" /><testcase classname="backend.tests.test_iteration_49_blog_permissions_backup.TestBlogBackup" name="test_import_copy_creates_imported_variant" time="0.053" /><testcase classname="backend.tests.test_iteration_49_blog_permissions_backup.TestBlogBackup" name="test_import_skip_keeps_existing" time="0.055" /><testcase classname="backend.tests.test_iteration_49_blog_permissions_backup.TestBlogBackup" name="test_import_merge_updates_in_place" time="0.052" /><testcase classname="backend.tests.test_iteration_49_blog_permissions_backup.TestBlogBackup" name="test_import_replace_in_place" time="0.062" /><testcase classname="backend.tests.test_iteration_49_blog_permissions_backup.TestUsersExportIncludeBlogs" name="test_users_export_without_blogs" time="0.072" /><testcase classname="backend.tests.test_iteration_49_blog_permissions_backup.TestUsersExportIncludeBlogs" name="test_users_export_with_blogs" time="0.054" /><testcase classname="backend.tests.test_iteration_49_blog_permissions_backup.TestUsersExportIncludeBlogs" name="test_full_export_includes_blogs" time="0.425" /><testcase classname="backend.tests.test_iteration_49_blog_permissions_backup" name="test_full_platform_import_still_supports_blogs" time="0.050" /><testcase classname="backend.tests.test_iteration_49_blog_permissions_backup" name="test_existing_endpoints_regression[/api/campaigns]" time="0.051" /><testcase classname="backend.tests.test_iteration_49_blog_permissions_backup" name="test_existing_endpoints_regression[/api/drip-campaigns]" time="0.050" /><testcase classname="backend.tests.test_iteration_49_blog_permissions_backup" name="test_existing_endpoints_regression[/api/accounts]" time="0.054" /><testcase classname="backend.tests.test_iteration_49_blog_permissions_backup" name="test_existing_endpoints_regression[/api/dne-lists]" time="0.051" /><testcase classname="backend.tests.test_iteration_49_blog_permissions_backup" name="test_existing_endpoints_regression[/api/unibox/replies]" time="0.052" /><testcase classname="backend.tests.test_iteration_49_blog_permissions_backup" name="test_existing_endpoints_regression[/api/auth/me]" time="0.051" /></testsuite></testsuites>