<?xml version="1.0" encoding="utf-8"?><testsuites name="pytest tests"><testsuite name="pytest" errors="0" failures="0" skipped="0" tests="5" time="133.129" timestamp="2026-05-04T15:22:26.668956+00:00" hostname="agent-env-46b559b1-5e2e-4a16-8df6-0f7adbe1fa84"><testcase classname="backend.tests.test_iteration_27_features.TestDripHtmlBody" name="test_html_body_round_trip" time="0.798" /><testcase classname="backend.tests.test_iteration_27_features.TestAutoResume" name="test_auto_resume_when_account_rolled_to_new_day" time="27.010" /><testcase classname="backend.tests.test_iteration_27_features.TestAutoResume" name="test_no_resume_when_today_and_at_limit" time="60.007" /><testcase classname="backend.tests.test_iteration_27_features.TestAutoResume" name="test_user_paused_not_auto_resumed" time="45.003" /><testcase classname="backend.tests.test_iteration_27_features.TestStatusListing" name="test_paused_daily_limit_visible_in_list" time="0.175" /></testsuite></testsuites>