<?xml version="1.0" encoding="utf-8"?><testsuites name="pytest tests"><testsuite name="pytest" errors="0" failures="0" skipped="0" tests="28" time="3.147" timestamp="2026-05-04T14:16:20.183625+00:00" hostname="agent-env-46b559b1-5e2e-4a16-8df6-0f7adbe1fa84"><testcase classname="backend.tests.test_iteration_26_features.TestUnauth" name="test_401_get_account" time="0.309" /><testcase classname="backend.tests.test_iteration_26_features.TestUnauth" name="test_401_export_list" time="0.126" /><testcase classname="backend.tests.test_iteration_26_features.TestUnauth" name="test_401_sample_csv" time="0.144" /><testcase classname="backend.tests.test_iteration_26_features.TestUnauth" name="test_401_bulk_import" time="0.115" /><testcase classname="backend.tests.test_iteration_26_features.TestUnauth" name="test_401_update_record" time="0.106" /><testcase classname="backend.tests.test_iteration_26_features.TestCampaignTimezone" name="test_ny_naive_to_utc" time="0.513" /><testcase classname="backend.tests.test_iteration_26_features.TestCampaignTimezone" name="test_kolkata_naive_to_utc" time="0.111" /><testcase classname="backend.tests.test_iteration_26_features.TestCampaignTimezone" name="test_offset_string_honoured_verbatim" time="0.095" /><testcase classname="backend.tests.test_iteration_26_features.TestCampaignTimezone" name="test_put_localises_too" time="0.150" /><testcase classname="backend.tests.test_iteration_26_features.TestCampaignTimezone" name="test_get_returns_timezone" time="0.115" /><testcase classname="backend.tests.test_iteration_26_features.TestListRecordAndExport" name="test_update_record_invalid_email" time="0.107" /><testcase classname="backend.tests.test_iteration_26_features.TestListRecordAndExport" name="test_update_record_collision" time="0.047" /><testcase classname="backend.tests.test_iteration_26_features.TestListRecordAndExport" name="test_update_record_success_preserves_columns" time="0.100" /><testcase classname="backend.tests.test_iteration_26_features.TestListRecordAndExport" name="test_update_record_404_cross_user_or_missing" time="0.047" /><testcase classname="backend.tests.test_iteration_26_features.TestListRecordAndExport" name="test_export_csv" time="0.053" /><testcase classname="backend.tests.test_iteration_26_features.TestListRecordAndExport" name="test_export_404" time="0.056" /><testcase classname="backend.tests.test_iteration_26_features.TestSmtpSampleAndBulkImport" name="test_sample_csv" time="0.050" /><testcase classname="backend.tests.test_iteration_26_features.TestSmtpSampleAndBulkImport" name="test_bulk_import_missing_cols" time="0.048" /><testcase classname="backend.tests.test_iteration_26_features.TestSmtpSampleAndBulkImport" name="test_bulk_import_rejects_non_csv" time="0.059" /><testcase classname="backend.tests.test_iteration_26_features.TestSmtpSampleAndBulkImport" name="test_bulk_import_oversize" time="0.153" /><testcase classname="backend.tests.test_iteration_26_features.TestSmtpSampleAndBulkImport" name="test_bulk_import_per_row_failures_with_dup_skip" time="0.087" /><testcase classname="backend.tests.test_iteration_26_features.TestSmtpSampleAndBulkImport" name="test_bulk_import_defaults" time="0.053" /><testcase classname="backend.tests.test_iteration_26_features.TestAccountViewEdit" name="test_get_account_no_password" time="0.054" /><testcase classname="backend.tests.test_iteration_26_features.TestAccountViewEdit" name="test_get_account_404_unknown" time="0.054" /><testcase classname="backend.tests.test_iteration_26_features.TestAccountViewEdit" name="test_put_no_password_keeps_blob" time="0.054" /><testcase classname="backend.tests.test_iteration_26_features.TestAccountViewEdit" name="test_put_with_new_password_rotates" time="0.060" /><testcase classname="backend.tests.test_iteration_26_features.TestAccountViewEdit" name="test_put_email_collision_with_other_own_account" time="0.052" /><testcase classname="backend.tests.test_iteration_26_features.TestAccountViewEdit" name="test_put_404_unknown" time="0.051" /></testsuite></testsuites>