<?xml version="1.0" encoding="utf-8"?><testsuites name="pytest tests"><testsuite name="pytest" errors="0" failures="0" skipped="0" tests="24" time="1.206" timestamp="2026-06-15T13:46:05.631074+00:00" hostname="agent-env-20038206-70d7-4d8e-bde0-266cbf7f07bd"><testcase classname="tests.test_iter59_phase2_batch_a.TestTemplateRender" name="test_first_name_generic_fallback" time="0.015" /><testcase classname="tests.test_iter59_phase2_batch_a.TestTemplateRender" name="test_first_name_resolved" time="0.000" /><testcase classname="tests.test_iter59_phase2_batch_a.TestTemplateRender" name="test_unknown_variable_stripped" time="0.000" /><testcase classname="tests.test_iter59_phase2_batch_a.TestTemplateRender" name="test_case_and_space_tolerant" time="0.000" /><testcase classname="tests.test_iter59_phase2_batch_a.TestTemplateRender" name="test_single_brace_legacy_resolved" time="0.000" /><testcase classname="tests.test_iter59_phase2_batch_a.TestTemplateRender" name="test_html_entity_nbsp_decoded" time="0.000" /><testcase classname="tests.test_iter59_phase2_batch_a.TestTemplateRender" name="test_empty_braces_stripped" time="0.000" /><testcase classname="tests.test_iter59_phase2_batch_a.TestTemplateRender" name="test_per_campaign_fallback_honored" time="0.000" /><testcase classname="tests.test_iter59_phase2_batch_a.TestTemplateRender" name="test_per_campaign_fallback_beats_generic" time="0.000" /><testcase classname="tests.test_iter59_phase2_batch_a.TestTemplateRender" name="test_extract_template_variables" time="0.000" /><testcase classname="tests.test_iter59_phase2_batch_a.TestTemplateRender" name="test_analyse_contacts_missing_var" time="0.000" /><testcase classname="tests.test_iter59_phase2_batch_a.TestTemplateRender" name="test_analyse_contacts_empty_recipients_warns" time="0.000" /><testcase classname="tests.test_iter59_phase2_batch_a.TestTemplateRender" name="test_regression_full_render" time="0.000" /><testcase classname="tests.test_iter59_phase2_batch_a.TestCampaignFolderLink" name="test_create_campaign_with_folder_id_persists" time="0.286" /><testcase classname="tests.test_iter59_phase2_batch_a.TestCampaignFolderLink" name="test_create_campaign_without_folder_creates_default" time="0.049" /><testcase classname="tests.test_iter59_phase2_batch_a.TestCampaignFolderLink" name="test_update_campaign_folder_id" time="0.092" /><testcase classname="tests.test_iter59_phase2_batch_a.TestDripFolderLink" name="test_create_drip_with_folder" time="0.049" /><testcase classname="tests.test_iter59_phase2_batch_a.TestDripFolderLink" name="test_create_drip_without_folder_uses_default" time="0.046" /><testcase classname="tests.test_iter59_phase2_batch_a.TestPreflight" name="test_preflight_campaign_warns_missing_var" time="0.099" /><testcase classname="tests.test_iter59_phase2_batch_a.TestPreflight" name="test_preflight_campaign_no_recipients" time="0.081" /><testcase classname="tests.test_iter59_phase2_batch_a.TestPreflight" name="test_preflight_drip_covers_every_step" time="0.095" /><testcase classname="tests.test_iter59_phase2_batch_a.TestRegisterSentEmailAndReplyRouting" name="test_register_sent_email_persists_new_fields" time="0.184" /><testcase classname="tests.test_iter59_phase2_batch_a.TestRegisterSentEmailAndReplyRouting" name="test_reply_inherits_folder_id" time="0.003" /><testcase classname="tests.test_iter59_phase2_batch_a.TestFoldersEndpoint" name="test_folders_returns_reply_counts" time="0.056" /></testsuite></testsuites>