<?xml version="1.0" encoding="utf-8"?><testsuites name="pytest tests"><testsuite name="pytest" errors="0" failures="0" skipped="0" tests="17" time="1.466" timestamp="2026-06-15T15:36:06.958698+00:00" hostname="agent-env-20038206-70d7-4d8e-bde0-266cbf7f07bd"><testcase classname="backend.tests.test_iter63_phase3_batch_2.TestInboxesEndpoint" name="test_basic_shape" time="0.294" /><testcase classname="backend.tests.test_iter63_phase3_batch_2.TestInboxesEndpoint" name="test_filter_options_unfiltered_universe" time="0.114" /><testcase classname="backend.tests.test_iter63_phase3_batch_2.TestInboxesEndpoint" name="test_pagination" time="0.095" /><testcase classname="backend.tests.test_iter63_phase3_batch_2.TestInboxesEndpoint" name="test_sort_by_domain" time="0.049" /><testcase classname="backend.tests.test_iter63_phase3_batch_2.TestInboxesEndpoint" name="test_sort_by_remaining_capacity_desc" time="0.048" /><testcase classname="backend.tests.test_iter63_phase3_batch_2.TestInboxesEndpoint" name="test_sort_by_invalid_falls_back_to_email" time="0.051" /><testcase classname="backend.tests.test_iter63_phase3_batch_2.TestInboxesEndpoint" name="test_search_substring" time="0.100" /><testcase classname="backend.tests.test_iter63_phase3_batch_2.TestInboxesEndpoint" name="test_min_remaining" time="0.049" /><testcase classname="backend.tests.test_iter63_phase3_batch_2.TestInboxesEndpoint" name="test_limit_bounds" time="0.094" /><testcase classname="backend.tests.test_iter63_phase3_batch_2.TestPlanner" name="test_planner_math_with_explicit_inputs" time="0.048" /><testcase classname="backend.tests.test_iter63_phase3_batch_2.TestPlanner" name="test_planner_warnings_low_domain_diversity" time="0.049" /><testcase classname="backend.tests.test_iter63_phase3_batch_2.TestPlanner" name="test_planner_warning_additional_domains" time="0.050" /><testcase classname="backend.tests.test_iter63_phase3_batch_2.TestPlanner" name="test_planner_fallback_when_inputs_are_none" time="0.053" /><testcase classname="backend.tests.test_iter63_phase3_batch_2.TestPlannerExport" name="test_xlsx_export" time="0.057" /><testcase classname="backend.tests.test_iter63_phase3_batch_2.TestPlannerExport" name="test_csv_export" time="0.048" /><testcase classname="backend.tests.test_iter63_phase3_batch_2.TestAccountsExportRegression" name="test_accounts_export_xlsx" time="0.066" /><testcase classname="backend.tests.test_iter63_phase3_batch_2.TestAccountsExportRegression" name="test_accounts_export_csv" time="0.045" /></testsuite></testsuites>