<?xml version="1.0" encoding="utf-8"?><testsuites name="pytest tests"><testsuite name="pytest" errors="0" failures="0" skipped="0" tests="19" time="2.358" timestamp="2026-06-09T11:39:05.231957+00:00" hostname="agent-env-20038206-70d7-4d8e-bde0-266cbf7f07bd"><testcase classname="backend.tests.test_iteration_50_drip_schedule_reports.TestRegression" name="test_auth_me" time="0.333" /><testcase classname="backend.tests.test_iteration_50_drip_schedule_reports.TestRegression" name="test_subscription_prices" time="0.059" /><testcase classname="backend.tests.test_iteration_50_drip_schedule_reports.TestRegression" name="test_admin_users" time="0.082" /><testcase classname="backend.tests.test_iteration_50_drip_schedule_reports.TestRegression" name="test_campaigns_list" time="0.140" /><testcase classname="backend.tests.test_iteration_50_drip_schedule_reports.TestRegression" name="test_drip_campaigns_list" time="0.050" /><testcase classname="backend.tests.test_iteration_50_drip_schedule_reports.TestDripStartDate" name="test_put_persists_start_date" time="0.195" /><testcase classname="backend.tests.test_iteration_50_drip_schedule_reports.TestDripStartDate" name="test_start_date_accepts_string_no_strict_past_validation" time="0.183" /><testcase classname="backend.tests.test_iteration_50_drip_schedule_reports.TestReportsExport" name="test_returns_xlsx_with_three_sheets" time="0.078" /><testcase classname="backend.tests.test_iteration_50_drip_schedule_reports.TestReportsExport" name="test_campaigns_sheet_headers" time="0.074" /><testcase classname="backend.tests.test_iteration_50_drip_schedule_reports.TestReportsExport" name="test_drip_sheet_headers" time="0.073" /><testcase classname="backend.tests.test_iteration_50_drip_schedule_reports.TestReportsExport" name="test_content_disposition_filename" time="0.059" /><testcase classname="backend.tests.test_iteration_50_drip_schedule_reports.TestReportsExport" name="test_invalid_campaign_type_returns_400" time="0.045" /><testcase classname="backend.tests.test_iteration_50_drip_schedule_reports.TestReportsExport" name="test_campaign_type_campaigns_only" time="0.070" /><testcase classname="backend.tests.test_iteration_50_drip_schedule_reports.TestReportsExport" name="test_campaign_type_drip_only" time="0.102" /><testcase classname="backend.tests.test_iteration_50_drip_schedule_reports.TestReportsExport" name="test_campaign_type_all_includes_both" time="0.135" /><testcase classname="backend.tests.test_iteration_50_drip_schedule_reports.TestReportsExport" name="test_date_range_excludes_out_of_range" time="0.061" /><testcase classname="backend.tests.test_iteration_50_drip_schedule_reports.TestReportsExport" name="test_status_filter_comma_separated" time="0.113" /><testcase classname="backend.tests.test_iteration_50_drip_schedule_reports.TestReportsExport" name="test_drip_status_counts_match_drip_contacts" time="0.075" /><testcase classname="backend.tests.test_iteration_50_drip_schedule_reports.TestReportsExport" name="test_unauthenticated_blocked" time="0.112" /></testsuite></testsuites>