<?xml version="1.0" encoding="utf-8"?><testsuites name="pytest tests"><testsuite name="pytest" errors="0" failures="0" skipped="0" tests="10" time="4.337" timestamp="2026-07-10T11:00:11.546596+00:00" hostname="agent-env-20038206-70d7-4d8e-bde0-266cbf7f07bd"><testcase classname="tests.test_iter75_normal_user_accounts_export" name="test_1_normal_user_export_returns_200_with_csv" time="0.226" /><testcase classname="tests.test_iter75_normal_user_accounts_export" name="test_2_header_row_contains_all_expected_columns" time="0.136" /><testcase classname="tests.test_iter75_normal_user_accounts_export" name="test_3_include_credentials_false_hides_password_columns" time="0.105" /><testcase classname="tests.test_iter75_normal_user_accounts_export" name="test_4_passwords_match_originals" time="0.137" /><testcase classname="tests.test_iter75_normal_user_accounts_export" name="test_5_base_16_columns_present_no_regression" time="0.109" /><testcase classname="tests.test_iter75_normal_user_accounts_export" name="test_6_imap_password_fallback_to_smtp" time="0.790" /><testcase classname="tests.test_iter75_normal_user_accounts_export" name="test_7_strict_isolation_between_normal_users" time="0.252" /><testcase classname="tests.test_iter75_normal_user_accounts_export" name="test_8_super_admin_export_only_their_own" time="0.124" /><testcase classname="tests.test_iter75_normal_user_accounts_export" name="test_9_round_trip_reimportable" time="0.141" /><testcase classname="tests.test_iter75_normal_user_accounts_export" name="test_10_unauthenticated_request_is_401" time="0.107" /></testsuite></testsuites>