<?xml version="1.0" encoding="utf-8"?><testsuites name="pytest tests"><testsuite name="pytest" errors="0" failures="0" skipped="0" tests="11" time="1.565" timestamp="2026-05-08T14:05:59.551046+00:00" hostname="agent-env-200613ea-2aed-4f46-982e-9b0b9b20937e"><testcase classname="backend.tests.test_iteration_30_features.TestListsUploadHeaderNormalize" name="test_messy_csv_headers_are_normalized_and_deduped" time="0.482" /><testcase classname="backend.tests.test_iteration_30_features.TestListsUploadHeaderNormalize" name="test_already_clean_headers_pass_through" time="0.069" /><testcase classname="backend.tests.test_iteration_30_features.TestListsUploadHeaderNormalize" name="test_only_uppercase_and_special_dedupe" time="0.072" /><testcase classname="backend.tests.test_iteration_30_features.TestListsUploadHeaderNormalize" name="test_missing_email_column_returns_400" time="0.074" /><testcase classname="backend.tests.test_iteration_30_features.TestSendTestRecipientData" name="test_missing_required_fields_returns_422" time="0.079" /><testcase classname="backend.tests.test_iteration_30_features.TestSendTestRecipientData" name="test_recipient_data_field_accepted" time="0.073" /><testcase classname="backend.tests.test_iteration_30_features.TestSendTestRecipientData" name="test_no_recipient_data_still_works" time="0.075" /><testcase classname="backend.tests.test_iteration_30_features.TestReplaceVariablesUnit" name="test_replace_simple_vars" time="0.295" /><testcase classname="backend.tests.test_iteration_30_features.TestReplaceVariablesUnit" name="test_missing_var_becomes_empty" time="0.000" /><testcase classname="backend.tests.test_iteration_30_features.TestReplaceVariablesUnit" name="test_case_insensitive_lookup" time="0.000" /><testcase classname="backend.tests.test_iteration_30_features.TestSendTestVariableMergeE2E" name="test_send_test_interpolates_with_recipient_data" time="0.215" /></testsuite></testsuites>