<?xml version="1.0" encoding="utf-8"?><testsuites name="pytest tests"><testsuite name="pytest" errors="0" failures="0" skipped="0" tests="28" time="2.778" timestamp="2026-06-11T17:23:09.233291+00:00" hostname="agent-env-20038206-70d7-4d8e-bde0-266cbf7f07bd"><testcase classname="backend.tests.test_iteration_52_infrastructure_phase2.TestSummary" name="test_summary_default_window_120" time="0.324" /><testcase classname="backend.tests.test_iteration_52_infrastructure_phase2.TestSummary" name="test_summary_window_30" time="0.051" /><testcase classname="backend.tests.test_iteration_52_infrastructure_phase2.TestSummary" name="test_summary_window_limits" time="0.259" /><testcase classname="backend.tests.test_iteration_52_infrastructure_phase2.TestSummary" name="test_summary_no_est_note_says_projection" time="0.057" /><testcase classname="backend.tests.test_iteration_52_infrastructure_phase2.TestInboxesProjection" name="test_every_row_has_projected_window_keys" time="0.052" /><testcase classname="backend.tests.test_iteration_52_infrastructure_phase2.TestInboxesProjection" name="test_no_future_projections_default" time="0.068" /><testcase classname="backend.tests.test_iteration_52_infrastructure_phase2.TestCalendar" name="test_calendar_default_120_rows" time="0.111" /><testcase classname="backend.tests.test_iteration_52_infrastructure_phase2.TestCalendar" name="test_calendar_404_bogus" time="0.049" /><testcase classname="backend.tests.test_iteration_52_infrastructure_phase2.TestCalendar" name="test_calendar_window_30" time="0.101" /><testcase classname="backend.tests.test_iteration_52_infrastructure_phase2.TestCalendar" name="test_calendar_totals_match_rows" time="0.107" /><testcase classname="backend.tests.test_iteration_52_infrastructure_phase2.TestProjectionDripSeed" name="test_inbox_rows_show_projected_after_seed" time="0.060" /><testcase classname="backend.tests.test_iteration_52_infrastructure_phase2.TestProjectionDripSeed" name="test_calendar_shows_projected_on_first_send_date" time="0.108" /><testcase classname="backend.tests.test_iteration_52_infrastructure_phase2.TestProjectionDripSeed" name="test_summary_capacity_reduced_after_seed" time="0.111" /><testcase classname="backend.tests.test_iteration_52_infrastructure_phase2.TestProjectionScheduledCampaign" name="test_spike_lands_on_scheduled_date" time="0.172" /><testcase classname="backend.tests.test_iteration_52_infrastructure_phase2.TestPermissions" name="test_summary_403_for_non_permitted" time="0.114" /><testcase classname="backend.tests.test_iteration_52_infrastructure_phase2.TestPermissions" name="test_calendar_403_for_non_permitted" time="0.052" /><testcase classname="backend.tests.test_iteration_52_infrastructure_phase2.TestPermissions" name="test_inboxes_403_for_non_permitted" time="0.048" /><testcase classname="backend.tests.test_iteration_52_infrastructure_phase2.TestExports" name="test_inbox_xlsx_has_projected_column" time="0.067" /><testcase classname="backend.tests.test_iteration_52_infrastructure_phase2.TestExports" name="test_domain_csv_header" time="0.050" /><testcase classname="backend.tests.test_iteration_52_infrastructure_phase2.TestExports" name="test_domain_xlsx_has_projected" time="0.061" /><testcase classname="backend.tests.test_iteration_52_infrastructure_phase2.TestRegression" name="test_inboxes_filters_still_work" time="0.064" /><testcase classname="backend.tests.test_iteration_52_infrastructure_phase2.TestRegression" name="test_inboxes_search" time="0.054" /><testcase classname="backend.tests.test_iteration_52_infrastructure_phase2.TestRegression" name="test_summary_has_inbox_counts" time="0.071" /><testcase classname="backend.tests.test_iteration_52_infrastructure_phase2.TestRegression" name="test_campaigns_200" time="0.049" /><testcase classname="backend.tests.test_iteration_52_infrastructure_phase2.TestRegression" name="test_drip_campaigns_200" time="0.055" /><testcase classname="backend.tests.test_iteration_52_infrastructure_phase2.TestRegression" name="test_accounts_200" time="0.049" /><testcase classname="backend.tests.test_iteration_52_infrastructure_phase2.TestRegression" name="test_auth_me_200" time="0.050" /><testcase classname="backend.tests.test_iteration_52_infrastructure_phase2.TestRegression" name="test_subscription_prices_200" time="0.049" /></testsuite></testsuites>