<?xml version="1.0" encoding="utf-8"?><testsuites name="pytest tests"><testsuite name="pytest" errors="0" failures="0" skipped="0" tests="10" time="1.896" timestamp="2026-03-06T13:45:41.308341+00:00" hostname="agent-env-09383277-8e7e-4573-9d6c-ce3985a02ebe"><testcase classname="backend.tests.test_new_features.TestFrontendUrlConfig" name="test_api_health_check" time="0.143" /><testcase classname="backend.tests.test_new_features.TestFrontendUrlConfig" name="test_frontend_url_no_trailing_slash" time="0.199" /><testcase classname="backend.tests.test_new_features.TestAdminNotificationFunctions" name="test_email_registration_triggers_admin_notification" time="0.332" /><testcase classname="backend.tests.test_new_features.TestAdminNotificationFunctions" name="test_google_oauth_session_endpoint_exists" time="0.365" /><testcase classname="backend.tests.test_new_features.TestAdminNotificationFunctions" name="test_stripe_webhook_endpoint_exists" time="0.126" /><testcase classname="backend.tests.test_new_features.TestTermsCheckboxValidation" name="test_registration_requires_all_fields" time="0.115" /><testcase classname="backend.tests.test_new_features.TestTermsCheckboxValidation" name="test_registration_validates_password_match" time="0.137" /><testcase classname="backend.tests.test_new_features.TestTermsCheckboxValidation" name="test_registration_validates_password_length" time="0.113" /><testcase classname="backend.tests.test_new_features.TestLegalPageRoutes" name="test_terms_and_conditions_route" time="0.124" /><testcase classname="backend.tests.test_new_features.TestLegalPageRoutes" name="test_privacy_policy_route" time="0.122" /></testsuite></testsuites>