<?xml version="1.0" encoding="utf-8"?><testsuites name="pytest tests"><testsuite name="pytest" errors="0" failures="0" skipped="0" tests="16" time="7.442" timestamp="2026-03-07T17:48:16.011542+00:00" hostname="agent-env-09383277-8e7e-4573-9d6c-ce3985a02ebe"><testcase classname="backend.tests.test_registration_verification.TestRegistrationResponse" name="test_register_returns_success_true" time="0.523" /><testcase classname="backend.tests.test_registration_verification.TestRegistrationResponse" name="test_register_returns_requires_verification_true" time="0.547" /><testcase classname="backend.tests.test_registration_verification.TestRegistrationResponse" name="test_register_response_includes_email" time="0.390" /><testcase classname="backend.tests.test_registration_verification.TestRegistrationResponse" name="test_register_response_includes_message" time="0.664" /><testcase classname="backend.tests.test_registration_verification.TestVerificationTokenStorage" name="test_verification_token_stored_after_registration" time="0.510" /><testcase classname="backend.tests.test_registration_verification.TestVerificationTokenStorage" name="test_verification_expires_stored" time="0.550" /><testcase classname="backend.tests.test_registration_verification.TestVerificationTokenStorage" name="test_email_verified_initially_false" time="0.502" /><testcase classname="backend.tests.test_registration_verification.TestVerificationEndpoint" name="test_verify_email_success" time="0.671" /><testcase classname="backend.tests.test_registration_verification.TestVerificationEndpoint" name="test_verify_email_url_encoded_token" time="0.548" /><testcase classname="backend.tests.test_registration_verification.TestVerificationEndpoint" name="test_verify_email_updates_email_verified_field" time="0.612" /><testcase classname="backend.tests.test_registration_verification.TestVerificationEndpoint" name="test_verify_email_clears_token" time="0.556" /><testcase classname="backend.tests.test_registration_verification.TestVerificationEndpoint" name="test_verify_email_invalid_token" time="0.187" /><testcase classname="backend.tests.test_registration_verification.TestVerificationEndpoint" name="test_verify_email_already_used_token" time="0.676" /><testcase classname="backend.tests.test_registration_verification.TestFrontendURLConfiguration" name="test_frontend_url_no_trailing_slash" time="0.104" /><testcase classname="backend.tests.test_registration_verification.TestValidationErrors" name="test_password_mismatch_error" time="0.096" /><testcase classname="backend.tests.test_registration_verification.TestValidationErrors" name="test_short_password_error" time="0.134" /></testsuite></testsuites>