<?xml version="1.0" encoding="utf-8"?><testsuites name="pytest tests"><testsuite name="pytest" errors="0" failures="1" skipped="0" tests="116" time="22.377" timestamp="2026-06-05T16:13:01.449360+00:00" hostname="agent-env-20038206-70d7-4d8e-bde0-266cbf7f07bd"><testcase classname="backend.tests.test_drip_campaigns.TestAuth" name="test_list_requires_auth" time="0.153" /><testcase classname="backend.tests.test_drip_campaigns.TestAuth" name="test_create_requires_auth" time="0.114" /><testcase classname="backend.tests.test_drip_campaigns.TestAuth" name="test_detail_requires_auth" time="0.114" /><testcase classname="backend.tests.test_drip_campaigns.TestCRUD" name="test_create_drip_returns_draft" time="0.441" /><testcase classname="backend.tests.test_drip_campaigns.TestCRUD" name="test_list_includes_created" time="0.135" /><testcase classname="backend.tests.test_drip_campaigns.TestCRUD" name="test_get_detail_has_stats" time="0.132" /><testcase classname="backend.tests.test_drip_campaigns.TestCRUD" name="test_update_normalizes_step_numbers" time="0.195" /><testcase classname="backend.tests.test_drip_campaigns.TestCRUD" name="test_update_schedule_roundtrip" time="0.184" /><testcase classname="backend.tests.test_drip_campaigns.TestCRUD" name="test_delete_draft" time="0.186" /><testcase classname="backend.tests.test_drip_campaigns.TestContactEnrollment" name="test_enroll_and_dedupe" time="0.321" /><testcase classname="backend.tests.test_drip_campaigns.TestContactEnrollment" name="test_list_contacts_pagination_and_status" time="0.253" /><testcase classname="backend.tests.test_drip_campaigns.TestContactEnrollment" name="test_enroll_nonexistent_list_returns_404" time="0.152" /><testcase classname="backend.tests.test_drip_campaigns.TestLogs" name="test_logs_empty" time="0.133" /><testcase classname="backend.tests.test_drip_campaigns.TestLogs" name="test_logs_csv_export_headers" time="0.128" /><testcase classname="backend.tests.test_drip_campaigns.TestStateTransitions" name="test_start_rejects_empty_steps" time="0.133" /><testcase classname="backend.tests.test_drip_campaigns.TestStateTransitions" name="test_start_rejects_no_accounts" time="0.212" /><testcase classname="backend.tests.test_drip_campaigns.TestStateTransitions" name="test_start_rejects_no_contacts" time="0.201" /><testcase classname="backend.tests.test_drip_campaigns.TestStateTransitions" name="test_full_start_pause_resume_cycle" time="0.908" /><testcase classname="backend.tests.test_drip_campaigns.TestUserIsolation" name="test_other_user_cannot_read" time="0.754" /><testcase classname="backend.tests.test_drip_campaigns.TestUserIsolation" name="test_other_user_cannot_update" time="0.145" /><testcase classname="backend.tests.test_drip_campaigns.TestUserIsolation" name="test_other_user_cannot_delete" time="0.124" /><testcase classname="backend.tests.test_drip_campaigns.TestUserIsolation" name="test_other_user_list_excludes" time="0.122" /><testcase classname="backend.tests.test_drip_campaigns.TestStandardCampaignsRegression" name="test_campaigns_list_still_works" time="0.089" /><testcase classname="backend.tests.test_backup_restore" name="test_export_shape[/backup/export/campaigns]" time="0.426" /><testcase classname="backend.tests.test_backup_restore" name="test_export_shape[/backup/export/drip-campaigns]" time="0.053" /><testcase classname="backend.tests.test_backup_restore" name="test_export_shape[/backup/export/email-accounts]" time="0.056" /><testcase classname="backend.tests.test_backup_restore" name="test_export_shape[/backup/export/email-lists]" time="0.052" /><testcase classname="backend.tests.test_backup_restore" name="test_export_shape[/backup/export/dne-lists]" time="0.054" /><testcase classname="backend.tests.test_backup_restore" name="test_email_accounts_no_credentials_by_default" time="0.049" /><testcase classname="backend.tests.test_backup_restore" name="test_email_accounts_with_credentials_opt_in" time="0.056" /><testcase classname="backend.tests.test_backup_restore" name="test_export_email_lists_csv" time="0.053" /><testcase classname="backend.tests.test_backup_restore" name="test_export_dne_lists_csv" time="0.052" /><testcase classname="backend.tests.test_backup_restore" name="test_export_full_zip_structure" time="0.056" /><testcase classname="backend.tests.test_backup_restore" name="test_import_full_preview" time="0.057" /><testcase classname="backend.tests.test_backup_restore" name="test_export_requires_auth[/backup/export/campaigns]" time="0.113" /><testcase classname="backend.tests.test_backup_restore" name="test_export_requires_auth[/backup/export/drip-campaigns]" time="0.119" /><testcase classname="backend.tests.test_backup_restore" name="test_export_requires_auth[/backup/export/email-accounts]" time="0.130" /><testcase classname="backend.tests.test_backup_restore" name="test_export_requires_auth[/backup/export/email-lists]" time="0.112" /><testcase classname="backend.tests.test_backup_restore" name="test_export_requires_auth[/backup/export/dne-lists]" time="0.118" /><testcase classname="backend.tests.test_backup_restore" name="test_export_requires_auth[/backup/export/full]" time="0.157" /><testcase classname="backend.tests.test_backup_restore" name="test_import_requires_auth" time="0.114" /><testcase classname="backend.tests.test_backup_restore" name="test_import_full_bad_zip" time="0.050" /><testcase classname="backend.tests.test_backup_restore" name="test_import_full_missing_metadata" time="0.052" /><testcase classname="backend.tests.test_backup_restore" name="test_import_full_schema_too_new" time="0.052" /><testcase classname="backend.tests.test_backup_restore" name="test_bad_conflict_value" time="0.054" /><testcase classname="backend.tests.test_backup_restore" name="test_cross_user_export_empty" time="0.436" /><testcase classname="backend.tests.test_backup_restore" name="test_full_restore_copy_mode" time="0.269" /><testcase classname="backend.tests.test_backup_restore" name="test_individual_skip_mode" time="0.050" /><testcase classname="backend.tests.test_backup_restore" name="test_individual_replace_mode" time="0.107" /><testcase classname="backend.tests.test_backup_restore" name="test_import_email_lists_csv" time="0.149" /><testcase classname="backend.tests.test_backup_restore" name="test_import_dne_lists_csv" time="0.166" /><testcase classname="backend.tests.test_backup_restore" name="test_export_responses_leads_shape" time="0.065" /><testcase classname="backend.tests.test_backup_restore" name="test_export_do_not_email_lists_alias" time="0.102" /><testcase classname="backend.tests.test_backup_restore" name="test_export_do_not_email_lists_csv_alias" time="0.051" /><testcase classname="backend.tests.test_backup_restore" name="test_new_endpoints_require_auth[GET-/backup/export/responses-leads-None]" time="0.109" /><testcase classname="backend.tests.test_backup_restore" name="test_new_endpoints_require_auth[GET-/backup/export/do-not-email-lists-None]" time="0.119" /><testcase classname="backend.tests.test_backup_restore" name="test_new_endpoints_require_auth[POST-/backup/import/responses-leads-json_body2]" time="0.117" /><testcase classname="backend.tests.test_backup_restore" name="test_new_endpoints_require_auth[POST-/backup/import/do-not-email-lists-json_body3]" time="0.140" /><testcase classname="backend.tests.test_backup_restore" name="test_responses_leads_cross_user_isolation" time="0.049" /><testcase classname="backend.tests.test_backup_restore" name="test_import_responses_leads_copy_creates_imported_suffix" time="0.732" /><testcase classname="backend.tests.test_backup_restore" name="test_import_responses_leads_skip_mode" time="0.532"><failure message="assert 0 == 1">E   assert 0 == 1</failure></testcase><testcase classname="backend.tests.test_backup_restore" name="test_import_responses_leads_replace_mode" time="0.678" /><testcase classname="backend.tests.test_backup_restore" name="test_import_dne_global_merges_into_existing_global" time="0.214" /><testcase classname="backend.tests.test_backup_restore" name="test_full_restore_backward_compat_legacy_unsubscribe_zip" time="0.318" /><testcase classname="backend.tests.test_backup_restore" name="test_full_restore_copy_includes_new_result_keys" time="1.385" /><testcase classname="backend.tests.test_unibox_leads.TestAuth" name="test_unibox_unauth_401" time="0.463" /><testcase classname="backend.tests.test_unibox_leads.TestUnibox" name="test_status_shape" time="0.397" /><testcase classname="backend.tests.test_unibox_leads.TestUnibox" name="test_replies_shape_and_filters" time="0.403" /><testcase classname="backend.tests.test_unibox_leads.TestUnibox" name="test_mark_empty_returns_400" time="0.050" /><testcase classname="backend.tests.test_unibox_leads.TestUnibox" name="test_add_to_dne_empty_400" time="0.052" /><testcase classname="backend.tests.test_unibox_leads.TestRepliesFlow" name="test_mark_read_and_unread" time="0.102" /><testcase classname="backend.tests.test_unibox_leads.TestRepliesFlow" name="test_replies_listed_and_filterable" time="0.051" /><testcase classname="backend.tests.test_unibox_leads.TestRepliesFlow" name="test_add_to_dne_creates_global_list" time="0.105" /><testcase classname="backend.tests.test_unibox_leads.TestLeadsFolders" name="test_folder_crud" time="0.325" /><testcase classname="backend.tests.test_unibox_leads.TestLeadsFolders" name="test_save_lead_with_new_folder" time="0.152" /><testcase classname="backend.tests.test_unibox_leads.TestLeadsFolders" name="test_save_lead_missing_new_name" time="0.049" /><testcase classname="backend.tests.test_unibox_leads.TestLeadsFolders" name="test_save_lead_empty_returns_400" time="0.046" /><testcase classname="backend.tests.test_unibox_leads.TestIsolation" name="test_dhruv_sees_zero" time="0.451" /><testcase classname="backend.tests.test_unibox_leads.TestAccountCRUD" name="test_get_accounts_excludes_password_fields" time="0.052" /><testcase classname="backend.tests.test_unibox_leads.TestAccountCRUD" name="test_create_with_from_name_and_imap" time="0.203" /><testcase classname="backend.tests.test_unibox_leads.TestAccountCRUD" name="test_sample_csv_has_imap_columns" time="0.048" /><testcase classname="backend.tests.test_unibox_leads.TestFromNameOverride" name="test_send_email_smtp_from_name_logic" time="0.001" /><testcase classname="backend.tests.test_unibox_leads.TestFromNameOverride" name="test_send_drip_email_returns_dict" time="0.001" /><testcase classname="backend.tests.test_bulk_warmup" name="test_warmup_subjects_all_have_rtm_marker" time="0.743" /><testcase classname="backend.tests.test_bulk_warmup" name="test_build_warmup_body_is_varied_and_2_to_5_lines" time="0.000" /><testcase classname="backend.tests.test_bulk_warmup" name="test_get_accounts_includes_new_warmup_today_fields" time="0.050" /><testcase classname="backend.tests.test_bulk_warmup" name="test_bulk_endpoints_require_auth[post-/accounts/warmup/bulk-enable-body0]" time="0.108" /><testcase classname="backend.tests.test_bulk_warmup" name="test_bulk_endpoints_require_auth[post-/accounts/warmup/bulk-pause-body1]" time="0.107" /><testcase classname="backend.tests.test_bulk_warmup" name="test_bulk_endpoints_require_auth[post-/accounts/warmup/bulk-resume-body2]" time="0.118" /><testcase classname="backend.tests.test_bulk_warmup" name="test_bulk_endpoints_require_auth[post-/accounts/warmup/bulk-disable-body3]" time="0.141" /><testcase classname="backend.tests.test_bulk_warmup" name="test_bulk_endpoints_require_auth[put-/accounts/warmup/bulk-settings-body4]" time="0.109" /><testcase classname="backend.tests.test_bulk_warmup" name="test_bulk_endpoints_reject_empty[post-/accounts/warmup/bulk-enable-body0]" time="0.065" /><testcase classname="backend.tests.test_bulk_warmup" name="test_bulk_endpoints_reject_empty[post-/accounts/warmup/bulk-pause-body1]" time="0.062" /><testcase classname="backend.tests.test_bulk_warmup" name="test_bulk_endpoints_reject_empty[post-/accounts/warmup/bulk-resume-body2]" time="0.049" /><testcase classname="backend.tests.test_bulk_warmup" name="test_bulk_endpoints_reject_empty[post-/accounts/warmup/bulk-disable-body3]" time="0.049" /><testcase classname="backend.tests.test_bulk_warmup" name="test_bulk_endpoints_reject_empty[put-/accounts/warmup/bulk-settings-body4]" time="0.058" /><testcase classname="backend.tests.test_bulk_warmup" name="test_bulk_enable_with_clamping_and_state" time="0.104" /><testcase classname="backend.tests.test_bulk_warmup" name="test_bulk_pause" time="0.108" /><testcase classname="backend.tests.test_bulk_warmup" name="test_bulk_resume" time="0.108" /><testcase classname="backend.tests.test_bulk_warmup" name="test_bulk_settings_clamps_without_changing_status" time="0.205" /><testcase classname="backend.tests.test_bulk_warmup" name="test_bulk_endpoints_cross_user_isolation" time="0.714" /><testcase classname="backend.tests.test_bulk_warmup" name="test_bulk_disable" time="0.110" /><testcase classname="backend.tests.test_bulk_warmup" name="test_pause_resume_skips_disabled_accounts" time="0.113" /><testcase classname="backend.tests.test_bulk_warmup" name="test_single_account_warmup_endpoints_still_work" time="0.429" /><testcase classname="backend.tests.test_drip_rename_duplicate.TestRename" name="test_rename_unauthenticated" time="0.120" /><testcase classname="backend.tests.test_drip_rename_duplicate.TestRename" name="test_rename_success_only_updates_name" time="0.556" /><testcase classname="backend.tests.test_drip_rename_duplicate.TestRename" name="test_rename_blank_returns_400" time="0.232" /><testcase classname="backend.tests.test_drip_rename_duplicate.TestRename" name="test_rename_duplicate_name_returns_400" time="0.167" /><testcase classname="backend.tests.test_drip_rename_duplicate.TestRename" name="test_rename_same_name_self_allowed" time="0.124" /><testcase classname="backend.tests.test_drip_rename_duplicate.TestRename" name="test_rename_nonexistent_returns_404" time="0.071" /><testcase classname="backend.tests.test_drip_rename_duplicate.TestRename" name="test_rename_cross_user_returns_404" time="0.675" /><testcase classname="backend.tests.test_drip_rename_duplicate.TestDuplicate" name="test_duplicate_unauthenticated" time="0.118" /><testcase classname="backend.tests.test_drip_rename_duplicate.TestDuplicate" name="test_duplicate_nonexistent_returns_404" time="0.061" /><testcase classname="backend.tests.test_drip_rename_duplicate.TestDuplicate" name="test_duplicate_cross_user_returns_404" time="0.126" /><testcase classname="backend.tests.test_drip_rename_duplicate.TestDuplicate" name="test_duplicate_creates_clean_draft_deep_copy" time="0.114" /><testcase classname="backend.tests.test_drip_rename_duplicate.TestDuplicate" name="test_duplicate_then_rename_independent" time="0.162" /></testsuite></testsuites>