<?xml version="1.0" encoding="utf-8"?><testsuites name="pytest tests"><testsuite name="pytest" errors="0" failures="0" skipped="0" tests="11" time="1.677" timestamp="2026-03-06T12:40:47.568240+00:00" hostname="agent-env-09383277-8e7e-4573-9d6c-ce3985a02ebe"><testcase classname="backend.tests.test_reset_password.TestForgotPasswordEndpoint" name="test_forgot_password_returns_success_message" time="0.244" /><testcase classname="backend.tests.test_reset_password.TestForgotPasswordEndpoint" name="test_forgot_password_nonexistent_email_same_response" time="0.167" /><testcase classname="backend.tests.test_reset_password.TestForgotPasswordEndpoint" name="test_forgot_password_rate_limiting" time="0.458" /><testcase classname="backend.tests.test_reset_password.TestForgotPasswordEndpoint" name="test_forgot_password_invalid_email_format" time="0.118" /><testcase classname="backend.tests.test_reset_password.TestResetPasswordEndpoint" name="test_reset_password_invalid_token_rejected" time="0.147" /><testcase classname="backend.tests.test_reset_password.TestResetPasswordEndpoint" name="test_reset_password_mismatched_passwords" time="0.135" /><testcase classname="backend.tests.test_reset_password.TestResetPasswordEndpoint" name="test_reset_password_short_password" time="0.101" /><testcase classname="backend.tests.test_reset_password.TestResetPasswordEndpoint" name="test_reset_password_empty_token" time="0.107" /><testcase classname="backend.tests.test_reset_password.TestResetLinkFormat" name="test_frontend_url_configured_correctly" time="0.140" /><testcase classname="backend.tests.test_reset_password.TestResetPasswordRouting" name="test_spa_config_files_exist" time="0.001" /><testcase classname="backend.tests.test_reset_password.TestResetPasswordRouting" name="test_reset_password_route_exists_in_app" time="0.000" /></testsuite></testsuites>