<?xml version="1.0" encoding="utf-8"?><testsuites name="pytest tests"><testsuite name="pytest" errors="0" failures="0" skipped="0" tests="12" time="1.478" timestamp="2026-02-22T13:33:16.629250+00:00" hostname="agent-env-607ca4f6-f837-4b32-b2fb-48e05cd8f5db"><testcase classname="backend.tests.test_scheduler_api.TestHealthAndBasicEndpoints" name="test_health_endpoint" time="0.149" /><testcase classname="backend.tests.test_scheduler_api.TestHealthAndBasicEndpoints" name="test_root_endpoint" time="0.134" /><testcase classname="backend.tests.test_scheduler_api.TestCampaignSchedulerEndpoints" name="test_campaigns_endpoint_exists" time="0.127" /><testcase classname="backend.tests.test_scheduler_api.TestCampaignSchedulerEndpoints" name="test_campaign_schedule_endpoint_exists" time="0.099" /><testcase classname="backend.tests.test_scheduler_api.TestCampaignSchedulerEndpoints" name="test_campaign_unschedule_endpoint_exists" time="0.115" /><testcase classname="backend.tests.test_scheduler_api.TestCampaignSchedulerEndpoints" name="test_campaign_create_endpoint_exists" time="0.108" /><testcase classname="backend.tests.test_scheduler_api.TestCampaignStartPauseResumeEndpoints" name="test_campaign_start_endpoint_exists" time="0.115" /><testcase classname="backend.tests.test_scheduler_api.TestCampaignStartPauseResumeEndpoints" name="test_campaign_pause_endpoint_exists" time="0.121" /><testcase classname="backend.tests.test_scheduler_api.TestCampaignStartPauseResumeEndpoints" name="test_campaign_resume_endpoint_exists" time="0.114" /><testcase classname="backend.tests.test_scheduler_api.TestOtherCoreEndpoints" name="test_accounts_endpoint_requires_auth" time="0.108" /><testcase classname="backend.tests.test_scheduler_api.TestOtherCoreEndpoints" name="test_lists_endpoint_requires_auth" time="0.122" /><testcase classname="backend.tests.test_scheduler_api.TestOtherCoreEndpoints" name="test_dashboard_stats_requires_auth" time="0.108" /></testsuite></testsuites>