<?xml version="1.0" encoding="utf-8"?><testsuites name="pytest tests"><testsuite name="pytest" errors="0" failures="0" skipped="0" tests="13" time="61.629" timestamp="2026-03-01T22:45:11.972161+00:00" hostname="agent-env-09383277-8e7e-4573-9d6c-ce3985a02ebe"><testcase classname="backend.tests.test_scheduled_campaigns.TestScheduleEndpoints" name="test_schedule_endpoint_requires_auth" time="0.139" /><testcase classname="backend.tests.test_scheduled_campaigns.TestScheduleEndpoints" name="test_unschedule_endpoint_requires_auth" time="0.192" /><testcase classname="backend.tests.test_scheduled_campaigns.TestScheduleEndpoints" name="test_schedule_nonexistent_campaign" time="0.151" /><testcase classname="backend.tests.test_scheduled_campaigns.TestScheduleEndpoints" name="test_unschedule_nonexistent_campaign" time="0.051" /><testcase classname="backend.tests.test_scheduled_campaigns.TestCampaignScheduling" name="test_create_campaign_with_scheduled_at" time="0.055" /><testcase classname="backend.tests.test_scheduled_campaigns.TestCampaignScheduling" name="test_schedule_endpoint_sets_status" time="0.131" /><testcase classname="backend.tests.test_scheduled_campaigns.TestCampaignScheduling" name="test_unschedule_endpoint_returns_to_draft" time="0.178" /><testcase classname="backend.tests.test_scheduled_campaigns.TestCampaignScheduling" name="test_schedule_without_scheduled_at_fails" time="0.134" /><testcase classname="backend.tests.test_scheduled_campaigns.TestQueueItemCreation" name="test_queue_items_have_queue_id_field" time="30.007" /><testcase classname="backend.tests.test_scheduled_campaigns.TestSchedulerBehavior" name="test_scheduler_changes_status_to_running" time="30.008" /><testcase classname="backend.tests.test_scheduled_campaigns.TestCampaignValidation" name="test_schedule_requires_list_id" time="0.206" /><testcase classname="backend.tests.test_scheduled_campaigns.TestCampaignValidation" name="test_schedule_requires_subject" time="0.052" /><testcase classname="backend.tests.test_scheduled_campaigns.TestHealthCheck" name="test_api_health" time="0.180" /></testsuite></testsuites>