<?xml version="1.0" encoding="utf-8"?><testsuites name="pytest tests"><testsuite name="pytest" errors="0" failures="0" skipped="0" tests="13" time="0.828" timestamp="2026-03-02T17:33:49.704473+00:00" hostname="agent-env-09383277-8e7e-4573-9d6c-ce3985a02ebe"><testcase classname="backend.tests.test_send_delay_feature.TestSendDelayFeature" name="test_health_check" time="0.295" /><testcase classname="backend.tests.test_send_delay_feature.TestSendDelayFeature" name="test_accounts_endpoint_requires_auth" time="0.277" /><testcase classname="backend.tests.test_send_delay_feature.TestSendDelayFeature" name="test_delay_endpoint_requires_auth" time="0.103" /><testcase classname="backend.tests.test_send_delay_feature.TestSendDelayFeature" name="test_account_model_has_send_delay_field" time="0.000" /><testcase classname="backend.tests.test_send_delay_feature.TestSendDelayFeature" name="test_add_smtp_request_includes_send_delay" time="0.000" /><testcase classname="backend.tests.test_send_delay_feature.TestSendDelayFeature" name="test_update_delay_endpoint_exists" time="0.099" /><testcase classname="backend.tests.test_send_delay_feature.TestSendDelayFeature" name="test_send_delay_validation_range" time="0.000" /><testcase classname="backend.tests.test_send_delay_feature.TestSendDelayFeature" name="test_process_campaign_uses_account_send_delay" time="0.000" /><testcase classname="backend.tests.test_send_delay_feature.TestSendDelayCodeReview" name="test_backend_model_definition" time="0.001" /><testcase classname="backend.tests.test_send_delay_feature.TestSendDelayCodeReview" name="test_add_smtp_request_model" time="0.000" /><testcase classname="backend.tests.test_send_delay_feature.TestSendDelayCodeReview" name="test_update_delay_endpoint_definition" time="0.000" /><testcase classname="backend.tests.test_send_delay_feature.TestSendDelayCodeReview" name="test_delay_validation_logic" time="0.000" /><testcase classname="backend.tests.test_send_delay_feature.TestSendDelayCodeReview" name="test_sending_logic_uses_account_delay" time="0.000" /></testsuite></testsuites>