<?xml version="1.0" encoding="utf-8"?><testsuites name="pytest tests"><testsuite name="pytest" errors="0" failures="0" skipped="0" tests="13" time="5.051" timestamp="2026-02-23T12:11:26.866755+00:00" hostname="agent-env-015a4aa8-ff77-4d47-9a5c-f721ee5114d3"><testcase classname="backend.tests.test_subscription_api.TestSubscriptionPricesEndpoint" name="test_get_prices_returns_200" time="0.247" /><testcase classname="backend.tests.test_subscription_api.TestSubscriptionPricesEndpoint" name="test_get_prices_returns_correct_structure" time="0.141" /><testcase classname="backend.tests.test_subscription_api.TestSubscriptionPricesEndpoint" name="test_starter_plan_has_correct_limits" time="0.102" /><testcase classname="backend.tests.test_subscription_api.TestSubscriptionPricesEndpoint" name="test_growth_plan_has_correct_limits" time="0.136" /><testcase classname="backend.tests.test_subscription_api.TestSubscriptionPricesEndpoint" name="test_free_plan_has_correct_limits" time="0.105" /><testcase classname="backend.tests.test_subscription_api.TestSubscriptionPricesEndpoint" name="test_plans_have_usd_and_inr_pricing" time="0.103" /><testcase classname="backend.tests.test_subscription_api.TestSubscriptionStatusEndpoint" name="test_subscription_status_requires_auth" time="0.144" /><testcase classname="backend.tests.test_subscription_api.TestSubscriptionStatusEndpoint" name="test_subscription_status_with_auth" time="0.731" /><testcase classname="backend.tests.test_subscription_api.TestSubscriptionStatusEndpoint" name="test_new_user_has_free_trial" time="0.660" /><testcase classname="backend.tests.test_subscription_api.TestSubscriptionStatusEndpoint" name="test_subscription_status_includes_usage_stats" time="0.702" /><testcase classname="backend.tests.test_subscription_api.TestCreateCheckoutEndpoint" name="test_create_checkout_requires_auth" time="0.108" /><testcase classname="backend.tests.test_subscription_api.TestCreateCheckoutEndpoint" name="test_create_checkout_returns_url" time="1.688" /><testcase classname="backend.tests.test_subscription_api.TestHealthEndpoint" name="test_health_check" time="0.114" /></testsuite></testsuites>