<?xml version="1.0" encoding="utf-8"?><testsuites name="pytest tests"><testsuite name="pytest" errors="0" failures="0" skipped="0" tests="11" time="1.916" timestamp="2026-02-25T23:56:21.562718+00:00" hostname="agent-env-5136c703-9930-4058-8c48-10c5e02ea3b7"><testcase classname="backend.tests.test_send_test_email_and_verification.TestSendTestEmail" name="test_send_test_email_without_auth" time="0.193" /><testcase classname="backend.tests.test_send_test_email_and_verification.TestSendTestEmail" name="test_send_test_email_no_accounts" time="0.359" /><testcase classname="backend.tests.test_send_test_email_and_verification.TestSendTestEmail" name="test_send_test_email_validation" time="0.054" /><testcase classname="backend.tests.test_send_test_email_and_verification.TestEmailVerification" name="test_verify_email_invalid_token" time="0.116" /><testcase classname="backend.tests.test_send_test_email_and_verification.TestEmailVerification" name="test_verify_email_no_token" time="0.071" /><testcase classname="backend.tests.test_send_test_email_and_verification.TestEmailVerification" name="test_verify_email_already_verified_behavior" time="0.060" /><testcase classname="backend.tests.test_send_test_email_and_verification.TestLegalPages" name="test_privacy_policy_page" time="0.122" /><testcase classname="backend.tests.test_send_test_email_and_verification.TestLegalPages" name="test_terms_page" time="0.151" /><testcase classname="backend.tests.test_send_test_email_and_verification.TestLegalPages" name="test_anti_spam_page" time="0.133" /><testcase classname="backend.tests.test_send_test_email_and_verification.TestLegalPages" name="test_gdpr_page" time="0.112" /><testcase classname="backend.tests.test_send_test_email_and_verification.TestEmailAccountsEndpoint" name="test_get_accounts" time="0.472" /></testsuite></testsuites>