<?xml version="1.0" encoding="utf-8"?><testsuites name="pytest tests"><testsuite name="pytest" errors="0" failures="1" skipped="0" tests="11" time="2.077" timestamp="2026-02-25T23:56:02.433480+00:00" hostname="agent-env-5136c703-9930-4058-8c48-10c5e02ea3b7"><testcase classname="backend.tests.test_send_test_email_and_verification.TestSendTestEmail" name="test_send_test_email_without_auth" time="0.255" /><testcase classname="backend.tests.test_send_test_email_and_verification.TestSendTestEmail" name="test_send_test_email_no_accounts" time="0.349" /><testcase classname="backend.tests.test_send_test_email_and_verification.TestSendTestEmail" name="test_send_test_email_validation" time="0.054" /><testcase classname="backend.tests.test_send_test_email_and_verification.TestEmailVerification" name="test_verify_email_invalid_token" time="0.110" /><testcase classname="backend.tests.test_send_test_email_and_verification.TestEmailVerification" name="test_verify_email_no_token" time="0.061" /><testcase classname="backend.tests.test_send_test_email_and_verification.TestEmailVerification" name="test_verify_email_already_verified_behavior" time="0.053" /><testcase classname="backend.tests.test_send_test_email_and_verification.TestLegalPages" name="test_privacy_policy_page" time="0.314"><failure message="assert ('Privacy' in '&lt;!doctype html&gt;\n&lt;html lang=&quot;en&quot;&gt;\n    &lt;head&gt;\n        &lt;meta charset=&quot;utf-8&quot; /&gt;\n        &lt;meta name=&quot;viewport&quot; content=&quot;width=device-width, initial-scale=1&quot; /&gt;\n        &lt;meta name=&quot;theme-color&quot; content=&quot;#000000&quot; /&gt;\n        &lt;meta name=&quot;description&quot; content=&quot;RouteMail | Bulk Email Sending Platform for SME&quot; /&gt;\n        &lt;link rel=&quot;preconnect&quot; href=&quot;https://fonts.googleapis.com&quot; /&gt;\n        &lt;link rel=&quot;preconnect&quot; href=&quot;https://fonts.gstatic.com&quot; crossorigin /&gt;\n        &lt;link href=&quot;https://fonts.googleapis.com/css2?family=Inter:wght@600&amp;display=swap&quot; rel=&quot;stylesheet&quot; /&gt;\n        &lt;!--\n        manifest.json provides metadata used when your web app is installed on a\n        user\'s mobile device or desktop. See https://developers.google.com/web/fundamentals/web-app-manifest/\n        --&gt;\n        &lt;!--\n        Notice the use of  in the tags above.\n        It will be replaced with the URL of the `public` folder during the build.\n        Only files inside the `public` folder can be referenced from the HTML.\n\n        Unlike &quot;/favicon.ico&quot; or &quot;favicon.ico&quot;, &quot;/favicon.ico&quot; will\n        work correctly both with client-side routing and a non-root public URL.\n        Learn how to config...ing sessionRecordingStarted captureException loadToolbar get_property getSessionProperty Es $s createPersonProfile Is opt_in_capturing opt_out_capturing has_opted_in_capturing has_opted_out_capturing clear_opt_in_out_capturing Ss debug xs getPageViewId captureTraceFeedback captureTraceMetric&quot;.split(\n                                        &quot; &quot;,\n                                    ),\n                                n = 0;\n                            n &lt; o.length;\n                            n++\n                        )\n                            g(u, o[n]);\n                        e._i.push([i, s, a]);\n                    }),\n                    (e.__SV = 1));\n            })(document, window.posthog || []);\n            posthog.init(&quot;phc_xAvL2Iq4tFmANRE7kzbKwaSqp1HJjN7x48s3vr0CMjs&quot;, {\n                api_host: &quot;https://us.i.posthog.com&quot;,\n                person_profiles: &quot;identified_only&quot;, // or \'always\' to create profiles for anonymous users as well,\n                session_recording: {\n                    recordCrossOriginIframes: true,\n                    capturePerformance: false,\n                },\n            });\n        &lt;/script&gt;\n    &lt;/body&gt;\n&lt;/html&gt;\n' or 'privacy' in '&lt;!doctype html&gt;\n&lt;html lang=&quot;en&quot;&gt;\n    &lt;head&gt;\n        &lt;meta charset=&quot;utf-8&quot; /&gt;\n        &lt;meta name=&quot;viewport&quot; content=&quot;width=device-width, initial-scale=1&quot; /&gt;\n        &lt;meta name=&quot;theme-color&quot; content=&quot;#000000&quot; /&gt;\n        &lt;meta name=&quot;description&quot; content=&quot;RouteMail | Bulk Email Sending Platform for SME&quot; /&gt;\n        &lt;link rel=&quot;preconnect&quot; href=&quot;https://fonts.googleapis.com&quot; /&gt;\n        &lt;link rel=&quot;preconnect&quot; href=&quot;https://fonts.gstatic.com&quot; crossorigin /&gt;\n        &lt;link href=&quot;https://fonts.googleapis.com/css2?family=Inter:wght@600&amp;display=swap&quot; rel=&quot;stylesheet&quot; /&gt;\n        &lt;!--\n        manifest.json provides metadata used when your web app is installed on a\n        user\'s mobile device or desktop. See https://developers.google.com/web/fundamentals/web-app-manifest/\n        --&gt;\n        &lt;!--\n        Notice the use of  in the tags above.\n        It will be replaced with the URL of the `public` folder during the build.\n        Only files inside the `public` folder can be referenced from the HTML.\n\n        Unlike &quot;/favicon.ico&quot; or &quot;favicon.ico&quot;, &quot;/favicon.ico&quot; will\n        work correctly both with client-side routing and a non-root public URL.\n        Learn how to config...ing sessionRecordingStarted captureException loadToolbar get_property getSessionProperty Es $s createPersonProfile Is opt_in_capturing opt_out_capturing has_opted_in_capturing has_opted_out_capturing clear_opt_in_out_capturing Ss debug xs getPageViewId captureTraceFeedback captureTraceMetric&quot;.split(\n                                        &quot; &quot;,\n                                    ),\n                                n = 0;\n                            n &lt; o.length;\n                            n++\n                        )\n                            g(u, o[n]);\n                        e._i.push([i, s, a]);\n                    }),\n                    (e.__SV = 1));\n            })(document, window.posthog || []);\n            posthog.init(&quot;phc_xAvL2Iq4tFmANRE7kzbKwaSqp1HJjN7x48s3vr0CMjs&quot;, {\n                api_host: &quot;https://us.i.posthog.com&quot;,\n                person_profiles: &quot;identified_only&quot;, // or \'always\' to create profiles for anonymous users as well,\n                session_recording: {\n                    recordCrossOriginIframes: true,\n                    capturePerformance: false,\n                },\n            });\n        &lt;/script&gt;\n    &lt;/body&gt;\n&lt;/html&gt;\n')&#10; +  where '&lt;!doctype html&gt;\n&lt;html lang=&quot;en&quot;&gt;\n    &lt;head&gt;\n        &lt;meta charset=&quot;utf-8&quot; /&gt;\n        &lt;meta name=&quot;viewport&quot; content=&quot;width=device-width, initial-scale=1&quot; /&gt;\n        &lt;meta name=&quot;theme-color&quot; content=&quot;#000000&quot; /&gt;\n        &lt;meta name=&quot;description&quot; content=&quot;RouteMail | Bulk Email Sending Platform for SME&quot; /&gt;\n        &lt;link rel=&quot;preconnect&quot; href=&quot;https://fonts.googleapis.com&quot; /&gt;\n        &lt;link rel=&quot;preconnect&quot; href=&quot;https://fonts.gstatic.com&quot; crossorigin /&gt;\n        &lt;link href=&quot;https://fonts.googleapis.com/css2?family=Inter:wght@600&amp;display=swap&quot; rel=&quot;stylesheet&quot; /&gt;\n        &lt;!--\n        manifest.json provides metadata used when your web app is installed on a\n        user\'s mobile device or desktop. See https://developers.google.com/web/fundamentals/web-app-manifest/\n        --&gt;\n        &lt;!--\n        Notice the use of  in the tags above.\n        It will be replaced with the URL of the `public` folder during the build.\n        Only files inside the `public` folder can be referenced from the HTML.\n\n        Unlike &quot;/favicon.ico&quot; or &quot;favicon.ico&quot;, &quot;/favicon.ico&quot; will\n        work correctly both with client-side routing and a non-root public URL.\n        Learn how to config...ing sessionRecordingStarted captureException loadToolbar get_property getSessionProperty Es $s createPersonProfile Is opt_in_capturing opt_out_capturing has_opted_in_capturing has_opted_out_capturing clear_opt_in_out_capturing Ss debug xs getPageViewId captureTraceFeedback captureTraceMetric&quot;.split(\n                                        &quot; &quot;,\n                                    ),\n                                n = 0;\n                            n &lt; o.length;\n                            n++\n                        )\n                            g(u, o[n]);\n                        e._i.push([i, s, a]);\n                    }),\n                    (e.__SV = 1));\n            })(document, window.posthog || []);\n            posthog.init(&quot;phc_xAvL2Iq4tFmANRE7kzbKwaSqp1HJjN7x48s3vr0CMjs&quot;, {\n                api_host: &quot;https://us.i.posthog.com&quot;,\n                person_profiles: &quot;identified_only&quot;, // or \'always\' to create profiles for anonymous users as well,\n                session_recording: {\n                    recordCrossOriginIframes: true,\n                    capturePerformance: false,\n                },\n            });\n        &lt;/script&gt;\n    &lt;/body&gt;\n&lt;/html&gt;\n' = &lt;Response [200]&gt;.text&#10; +  and   '&lt;!doctype html&gt;\n&lt;html lang=&quot;en&quot;&gt;\n    &lt;head&gt;\n        &lt;meta charset=&quot;utf-8&quot; /&gt;\n        &lt;meta name=&quot;viewport&quot; content=&quot;width=device-width, initial-scale=1&quot; /&gt;\n        &lt;meta name=&quot;theme-color&quot; content=&quot;#000000&quot; /&gt;\n        &lt;meta name=&quot;description&quot; content=&quot;RouteMail | Bulk Email Sending Platform for SME&quot; /&gt;\n        &lt;link rel=&quot;preconnect&quot; href=&quot;https://fonts.googleapis.com&quot; /&gt;\n        &lt;link rel=&quot;preconnect&quot; href=&quot;https://fonts.gstatic.com&quot; crossorigin /&gt;\n        &lt;link href=&quot;https://fonts.googleapis.com/css2?family=Inter:wght@600&amp;display=swap&quot; rel=&quot;stylesheet&quot; /&gt;\n        &lt;!--\n        manifest.json provides metadata used when your web app is installed on a\n        user\'s mobile device or desktop. See https://developers.google.com/web/fundamentals/web-app-manifest/\n        --&gt;\n        &lt;!--\n        Notice the use of  in the tags above.\n        It will be replaced with the URL of the `public` folder during the build.\n        Only files inside the `public` folder can be referenced from the HTML.\n\n        Unlike &quot;/favicon.ico&quot; or &quot;favicon.ico&quot;, &quot;/favicon.ico&quot; will\n        work correctly both with client-side routing and a non-root public URL.\n        Learn how to config...ing sessionRecordingStarted captureException loadToolbar get_property getSessionProperty Es $s createPersonProfile Is opt_in_capturing opt_out_capturing has_opted_in_capturing has_opted_out_capturing clear_opt_in_out_capturing Ss debug xs getPageViewId captureTraceFeedback captureTraceMetric&quot;.split(\n                                        &quot; &quot;,\n                                    ),\n                                n = 0;\n                            n &lt; o.length;\n                            n++\n                        )\n                            g(u, o[n]);\n                        e._i.push([i, s, a]);\n                    }),\n                    (e.__SV = 1));\n            })(document, window.posthog || []);\n            posthog.init(&quot;phc_xAvL2Iq4tFmANRE7kzbKwaSqp1HJjN7x48s3vr0CMjs&quot;, {\n                api_host: &quot;https://us.i.posthog.com&quot;,\n                person_profiles: &quot;identified_only&quot;, // or \'always\' to create profiles for anonymous users as well,\n                session_recording: {\n                    recordCrossOriginIframes: true,\n                    capturePerformance: false,\n                },\n            });\n        &lt;/script&gt;\n    &lt;/body&gt;\n&lt;/html&gt;\n' = &lt;Response [200]&gt;.text">backend/tests/test_send_test_email_and_verification.py:185: in test_privacy_policy_page
    assert "Privacy" in response.text or "privacy" in response.text
E   assert ('Privacy' in '&lt;!doctype html&gt;\n&lt;html lang="en"&gt;\n    &lt;head&gt;\n        &lt;meta charset="utf-8" /&gt;\n        &lt;meta name="viewport" content="width=device-width, initial-scale=1" /&gt;\n        &lt;meta name="theme-color" content="#000000" /&gt;\n        &lt;meta name="description" content="RouteMail | Bulk Email Sending Platform for SME" /&gt;\n        &lt;link rel="preconnect" href="https://fonts.googleapis.com" /&gt;\n        &lt;link rel="preconnect" href="https://fonts.gstatic.com" crossorigin /&gt;\n        &lt;link href="https://fonts.googleapis.com/css2?family=Inter:wght@600&amp;display=swap" rel="stylesheet" /&gt;\n        &lt;!--\n        manifest.json provides metadata used when your web app is installed on a\n        user\'s mobile device or desktop. See https://developers.google.com/web/fundamentals/web-app-manifest/\n        --&gt;\n        &lt;!--\n        Notice the use of  in the tags above.\n        It will be replaced with the URL of the `public` folder during the build.\n        Only files inside the `public` folder can be referenced from the HTML.\n\n        Unlike "/favicon.ico" or "favicon.ico", "/favicon.ico" will\n        work correctly both with client-side routing and a non-root public URL.\n        Learn how to config...ing sessionRecordingStarted captureException loadToolbar get_property getSessionProperty Es $s createPersonProfile Is opt_in_capturing opt_out_capturing has_opted_in_capturing has_opted_out_capturing clear_opt_in_out_capturing Ss debug xs getPageViewId captureTraceFeedback captureTraceMetric".split(\n                                        " ",\n                                    ),\n                                n = 0;\n                            n &lt; o.length;\n                            n++\n                        )\n                            g(u, o[n]);\n                        e._i.push([i, s, a]);\n                    }),\n                    (e.__SV = 1));\n            })(document, window.posthog || []);\n            posthog.init("phc_xAvL2Iq4tFmANRE7kzbKwaSqp1HJjN7x48s3vr0CMjs", {\n                api_host: "https://us.i.posthog.com",\n                person_profiles: "identified_only", // or \'always\' to create profiles for anonymous users as well,\n                session_recording: {\n                    recordCrossOriginIframes: true,\n                    capturePerformance: false,\n                },\n            });\n        &lt;/script&gt;\n    &lt;/body&gt;\n&lt;/html&gt;\n' or 'privacy' in '&lt;!doctype html&gt;\n&lt;html lang="en"&gt;\n    &lt;head&gt;\n        &lt;meta charset="utf-8" /&gt;\n        &lt;meta name="viewport" content="width=device-width, initial-scale=1" /&gt;\n        &lt;meta name="theme-color" content="#000000" /&gt;\n        &lt;meta name="description" content="RouteMail | Bulk Email Sending Platform for SME" /&gt;\n        &lt;link rel="preconnect" href="https://fonts.googleapis.com" /&gt;\n        &lt;link rel="preconnect" href="https://fonts.gstatic.com" crossorigin /&gt;\n        &lt;link href="https://fonts.googleapis.com/css2?family=Inter:wght@600&amp;display=swap" rel="stylesheet" /&gt;\n        &lt;!--\n        manifest.json provides metadata used when your web app is installed on a\n        user\'s mobile device or desktop. See https://developers.google.com/web/fundamentals/web-app-manifest/\n        --&gt;\n        &lt;!--\n        Notice the use of  in the tags above.\n        It will be replaced with the URL of the `public` folder during the build.\n        Only files inside the `public` folder can be referenced from the HTML.\n\n        Unlike "/favicon.ico" or "favicon.ico", "/favicon.ico" will\n        work correctly both with client-side routing and a non-root public URL.\n        Learn how to config...ing sessionRecordingStarted captureException loadToolbar get_property getSessionProperty Es $s createPersonProfile Is opt_in_capturing opt_out_capturing has_opted_in_capturing has_opted_out_capturing clear_opt_in_out_capturing Ss debug xs getPageViewId captureTraceFeedback captureTraceMetric".split(\n                                        " ",\n                                    ),\n                                n = 0;\n                            n &lt; o.length;\n                            n++\n                        )\n                            g(u, o[n]);\n                        e._i.push([i, s, a]);\n                    }),\n                    (e.__SV = 1));\n            })(document, window.posthog || []);\n            posthog.init("phc_xAvL2Iq4tFmANRE7kzbKwaSqp1HJjN7x48s3vr0CMjs", {\n                api_host: "https://us.i.posthog.com",\n                person_profiles: "identified_only", // or \'always\' to create profiles for anonymous users as well,\n                session_recording: {\n                    recordCrossOriginIframes: true,\n                    capturePerformance: false,\n                },\n            });\n        &lt;/script&gt;\n    &lt;/body&gt;\n&lt;/html&gt;\n')
E    +  where '&lt;!doctype html&gt;\n&lt;html lang="en"&gt;\n    &lt;head&gt;\n        &lt;meta charset="utf-8" /&gt;\n        &lt;meta name="viewport" content="width=device-width, initial-scale=1" /&gt;\n        &lt;meta name="theme-color" content="#000000" /&gt;\n        &lt;meta name="description" content="RouteMail | Bulk Email Sending Platform for SME" /&gt;\n        &lt;link rel="preconnect" href="https://fonts.googleapis.com" /&gt;\n        &lt;link rel="preconnect" href="https://fonts.gstatic.com" crossorigin /&gt;\n        &lt;link href="https://fonts.googleapis.com/css2?family=Inter:wght@600&amp;display=swap" rel="stylesheet" /&gt;\n        &lt;!--\n        manifest.json provides metadata used when your web app is installed on a\n        user\'s mobile device or desktop. See https://developers.google.com/web/fundamentals/web-app-manifest/\n        --&gt;\n        &lt;!--\n        Notice the use of  in the tags above.\n        It will be replaced with the URL of the `public` folder during the build.\n        Only files inside the `public` folder can be referenced from the HTML.\n\n        Unlike "/favicon.ico" or "favicon.ico", "/favicon.ico" will\n        work correctly both with client-side routing and a non-root public URL.\n        Learn how to config...ing sessionRecordingStarted captureException loadToolbar get_property getSessionProperty Es $s createPersonProfile Is opt_in_capturing opt_out_capturing has_opted_in_capturing has_opted_out_capturing clear_opt_in_out_capturing Ss debug xs getPageViewId captureTraceFeedback captureTraceMetric".split(\n                                        " ",\n                                    ),\n                                n = 0;\n                            n &lt; o.length;\n                            n++\n                        )\n                            g(u, o[n]);\n                        e._i.push([i, s, a]);\n                    }),\n                    (e.__SV = 1));\n            })(document, window.posthog || []);\n            posthog.init("phc_xAvL2Iq4tFmANRE7kzbKwaSqp1HJjN7x48s3vr0CMjs", {\n                api_host: "https://us.i.posthog.com",\n                person_profiles: "identified_only", // or \'always\' to create profiles for anonymous users as well,\n                session_recording: {\n                    recordCrossOriginIframes: true,\n                    capturePerformance: false,\n                },\n            });\n        &lt;/script&gt;\n    &lt;/body&gt;\n&lt;/html&gt;\n' = &lt;Response [200]&gt;.text
E    +  and   '&lt;!doctype html&gt;\n&lt;html lang="en"&gt;\n    &lt;head&gt;\n        &lt;meta charset="utf-8" /&gt;\n        &lt;meta name="viewport" content="width=device-width, initial-scale=1" /&gt;\n        &lt;meta name="theme-color" content="#000000" /&gt;\n        &lt;meta name="description" content="RouteMail | Bulk Email Sending Platform for SME" /&gt;\n        &lt;link rel="preconnect" href="https://fonts.googleapis.com" /&gt;\n        &lt;link rel="preconnect" href="https://fonts.gstatic.com" crossorigin /&gt;\n        &lt;link href="https://fonts.googleapis.com/css2?family=Inter:wght@600&amp;display=swap" rel="stylesheet" /&gt;\n        &lt;!--\n        manifest.json provides metadata used when your web app is installed on a\n        user\'s mobile device or desktop. See https://developers.google.com/web/fundamentals/web-app-manifest/\n        --&gt;\n        &lt;!--\n        Notice the use of  in the tags above.\n        It will be replaced with the URL of the `public` folder during the build.\n        Only files inside the `public` folder can be referenced from the HTML.\n\n        Unlike "/favicon.ico" or "favicon.ico", "/favicon.ico" will\n        work correctly both with client-side routing and a non-root public URL.\n        Learn how to config...ing sessionRecordingStarted captureException loadToolbar get_property getSessionProperty Es $s createPersonProfile Is opt_in_capturing opt_out_capturing has_opted_in_capturing has_opted_out_capturing clear_opt_in_out_capturing Ss debug xs getPageViewId captureTraceFeedback captureTraceMetric".split(\n                                        " ",\n                                    ),\n                                n = 0;\n                            n &lt; o.length;\n                            n++\n                        )\n                            g(u, o[n]);\n                        e._i.push([i, s, a]);\n                    }),\n                    (e.__SV = 1));\n            })(document, window.posthog || []);\n            posthog.init("phc_xAvL2Iq4tFmANRE7kzbKwaSqp1HJjN7x48s3vr0CMjs", {\n                api_host: "https://us.i.posthog.com",\n                person_profiles: "identified_only", // or \'always\' to create profiles for anonymous users as well,\n                session_recording: {\n                    recordCrossOriginIframes: true,\n                    capturePerformance: false,\n                },\n            });\n        &lt;/script&gt;\n    &lt;/body&gt;\n&lt;/html&gt;\n' = &lt;Response [200]&gt;.text</failure></testcase><testcase classname="backend.tests.test_send_test_email_and_verification.TestLegalPages" name="test_terms_page" time="0.118" /><testcase classname="backend.tests.test_send_test_email_and_verification.TestLegalPages" name="test_anti_spam_page" time="0.108" /><testcase classname="backend.tests.test_send_test_email_and_verification.TestLegalPages" name="test_gdpr_page" time="0.146" /><testcase classname="backend.tests.test_send_test_email_and_verification.TestEmailAccountsEndpoint" name="test_get_accounts" time="0.423" /></testsuite></testsuites>