<?xml version="1.0" encoding="utf-8"?><testsuites name="pytest tests"><testsuite name="pytest" errors="0" failures="0" skipped="0" tests="18" time="3.404" timestamp="2026-05-27T21:09:45.937006+00:00" hostname="agent-env-20038206-70d7-4d8e-bde0-266cbf7f07bd"><testcase classname="backend.tests.test_unibox_leads.TestAuth" name="test_unibox_unauth_401" time="0.687" /><testcase classname="backend.tests.test_unibox_leads.TestUnibox" name="test_status_shape" time="0.400" /><testcase classname="backend.tests.test_unibox_leads.TestUnibox" name="test_replies_shape_and_filters" time="0.383" /><testcase classname="backend.tests.test_unibox_leads.TestUnibox" name="test_mark_empty_returns_400" time="0.049" /><testcase classname="backend.tests.test_unibox_leads.TestUnibox" name="test_add_to_dne_empty_400" time="0.051" /><testcase classname="backend.tests.test_unibox_leads.TestRepliesFlow" name="test_mark_read_and_unread" time="0.109" /><testcase classname="backend.tests.test_unibox_leads.TestRepliesFlow" name="test_replies_listed_and_filterable" time="0.053" /><testcase classname="backend.tests.test_unibox_leads.TestRepliesFlow" name="test_add_to_dne_creates_global_list" time="0.105" /><testcase classname="backend.tests.test_unibox_leads.TestLeadsFolders" name="test_folder_crud" time="0.315" /><testcase classname="backend.tests.test_unibox_leads.TestLeadsFolders" name="test_save_lead_with_new_folder" time="0.153" /><testcase classname="backend.tests.test_unibox_leads.TestLeadsFolders" name="test_save_lead_missing_new_name" time="0.047" /><testcase classname="backend.tests.test_unibox_leads.TestLeadsFolders" name="test_save_lead_empty_returns_400" time="0.047" /><testcase classname="backend.tests.test_unibox_leads.TestIsolation" name="test_dhruv_sees_zero" time="0.500" /><testcase classname="backend.tests.test_unibox_leads.TestAccountCRUD" name="test_get_accounts_excludes_password_fields" time="0.047" /><testcase classname="backend.tests.test_unibox_leads.TestAccountCRUD" name="test_create_with_from_name_and_imap" time="0.245" /><testcase classname="backend.tests.test_unibox_leads.TestAccountCRUD" name="test_sample_csv_has_imap_columns" time="0.055" /><testcase classname="backend.tests.test_unibox_leads.TestFromNameOverride" name="test_send_email_smtp_from_name_logic" time="0.001" /><testcase classname="backend.tests.test_unibox_leads.TestFromNameOverride" name="test_send_drip_email_returns_dict" time="0.002" /></testsuite></testsuites>